#! /usr/bin/vvp
:ivl_version "10.1 (stable)";
:ivl_delay_selection "TYPICAL";
:vpi_time_precision + 0;
:vpi_module "system";
:vpi_module "vhdl_sys";
:vpi_module "v2005_math";
:vpi_module "va_math";
S_0x555e749f0e10 .scope module, "top1" "top1" 2 2;
 .timescale 0 0;
v0x555e74a219f0_0 .var "a", 15 0;
v0x555e74a21ad0_0 .var "b", 15 0;
v0x555e74a21b90_0 .net "out", 15 0, L_0x555e74a3e170;  1 drivers
v0x555e74a21c30_0 .var "sel", 2 0;
S_0x555e749f2490 .scope module, "u1" "logic_unit" 2 8, 3 5 0, S_0x555e749f0e10;
 .timescale 0 0;
    .port_info 0 /INPUT 3 "sel"
    .port_info 1 /INPUT 16 "a"
    .port_info 2 /INPUT 16 "b"
    .port_info 3 /OUTPUT 16 "out"
L_0x555e74a21d20 .functor AND 16, v0x555e74a219f0_0, v0x555e74a21ad0_0, C4<1111111111111111>, C4<1111111111111111>;
L_0x555e74a21e20 .functor OR 16, v0x555e74a219f0_0, v0x555e74a21ad0_0, C4<0000000000000000>, C4<0000000000000000>;
L_0x555e74a21eb0 .functor NOT 16, v0x555e74a219f0_0, C4<0000000000000000>, C4<0000000000000000>, C4<0000000000000000>;
L_0x555e74a21f40 .functor NOT 16, v0x555e74a21ad0_0, C4<0000000000000000>, C4<0000000000000000>, C4<0000000000000000>;
L_0x555e74a22040 .functor AND 16, L_0x555e74a21eb0, L_0x555e74a21f40, C4<1111111111111111>, C4<1111111111111111>;
L_0x555e74a220b0 .functor NOT 16, v0x555e74a219f0_0, C4<0000000000000000>, C4<0000000000000000>, C4<0000000000000000>;
L_0x555e74a22160 .functor NOT 16, v0x555e74a21ad0_0, C4<0000000000000000>, C4<0000000000000000>, C4<0000000000000000>;
L_0x555e74a221d0 .functor OR 16, L_0x555e74a220b0, L_0x555e74a22160, C4<0000000000000000>, C4<0000000000000000>;
L_0x555e74a22330 .functor XOR 16, v0x555e74a219f0_0, v0x555e74a21ad0_0, C4<0000000000000000>, C4<0000000000000000>;
L_0x555e74a223c0 .functor XOR 16, v0x555e74a219f0_0, v0x555e74a21ad0_0, C4<0000000000000000>, C4<0000000000000000>;
L_0x555e74a224b0 .functor NOT 16, L_0x555e74a223c0, C4<0000000000000000>, C4<0000000000000000>, C4<0000000000000000>;
L_0x555e74a22520 .functor NOT 16, v0x555e74a219f0_0, C4<0000000000000000>, C4<0000000000000000>, C4<0000000000000000>;
v0x555e74a20900_0 .net *"_s10", 15 0, L_0x555e74a220b0;  1 drivers
v0x555e74a209e0_0 .net *"_s12", 15 0, L_0x555e74a22160;  1 drivers
v0x555e74a20ac0_0 .net *"_s18", 15 0, L_0x555e74a223c0;  1 drivers
v0x555e74a20b80_0 .net *"_s4", 15 0, L_0x555e74a21eb0;  1 drivers
v0x555e74a20c60_0 .net *"_s6", 15 0, L_0x555e74a21f40;  1 drivers
v0x555e74a20d40_0 .net "a", 15 0, v0x555e74a219f0_0;  1 drivers
v0x555e74a20e00_0 .net "b", 15 0, v0x555e74a21ad0_0;  1 drivers
v0x555e74a20ec0_0 .net "out", 15 0, L_0x555e74a3e170;  alias, 1 drivers
v0x555e74a20fd0_0 .net "out0", 15 0, L_0x555e74a21d20;  1 drivers
v0x555e74a21120_0 .net "out1", 15 0, L_0x555e74a21e20;  1 drivers
v0x555e74a21230_0 .net "out2", 15 0, L_0x555e74a22040;  1 drivers
v0x555e74a21340_0 .net "out3", 15 0, L_0x555e74a221d0;  1 drivers
v0x555e74a21450_0 .net "out4", 15 0, L_0x555e74a22330;  1 drivers
v0x555e74a21560_0 .net "out5", 15 0, L_0x555e74a224b0;  1 drivers
v0x555e74a21670_0 .net "out6", 15 0, L_0x555e74a22520;  1 drivers
v0x555e74a21780_0 .net "out7", 15 0, L_0x555e74a2bac0;  1 drivers
v0x555e74a218d0_0 .net "sel", 2 0, v0x555e74a21c30_0;  1 drivers
E_0x555e74990530/0 .event edge, v0x555e749cd040_0, v0x555e74a0ca70_0, v0x555e74a0dc60_0, v0x555e74a0dd60_0;
E_0x555e74990530/1 .event edge, v0x555e74a0eb50_0, v0x555e74a0ec50_0, v0x555e74a0f2c0_0, v0x555e74a0f3c0_0;
E_0x555e74990530 .event/or E_0x555e74990530/0, E_0x555e74990530/1;
S_0x555e749f7600 .scope module, "mu1" "mux_81" 3 23, 4 2 0, S_0x555e749f2490;
 .timescale 0 0;
    .port_info 0 /INPUT 3 "sel"
    .port_info 1 /INPUT 16 "inp1"
    .port_info 2 /INPUT 16 "inp2"
    .port_info 3 /INPUT 16 "inp3"
    .port_info 4 /INPUT 16 "inp4"
    .port_info 5 /INPUT 16 "inp5"
    .port_info 6 /INPUT 16 "inp6"
    .port_info 7 /INPUT 16 "inp7"
    .port_info 8 /INPUT 16 "inp8"
    .port_info 9 /OUTPUT 16 "out"
v0x555e74a0f7f0_0 .net "inp1", 15 0, L_0x555e74a21d20;  alias, 1 drivers
v0x555e74a0f8d0_0 .net "inp2", 15 0, L_0x555e74a21e20;  alias, 1 drivers
v0x555e74a0f9a0_0 .net "inp3", 15 0, L_0x555e74a22040;  alias, 1 drivers
v0x555e74a0faa0_0 .net "inp4", 15 0, L_0x555e74a221d0;  alias, 1 drivers
v0x555e74a0fb70_0 .net "inp5", 15 0, L_0x555e74a22330;  alias, 1 drivers
v0x555e74a0fc60_0 .net "inp6", 15 0, L_0x555e74a224b0;  alias, 1 drivers
v0x555e74a0fd30_0 .net "inp7", 15 0, L_0x555e74a22520;  alias, 1 drivers
v0x555e74a0fe00_0 .net "inp8", 15 0, L_0x555e74a2bac0;  alias, 1 drivers
v0x555e74a0fed0_0 .net "out", 15 0, L_0x555e74a3e170;  alias, 1 drivers
v0x555e74a0ffa0_0 .net "out1", 15 0, L_0x555e74a3bf30;  1 drivers
v0x555e74a10040_0 .net "out2", 15 0, L_0x555e74a3c4d0;  1 drivers
v0x555e74a10130_0 .net "out3", 15 0, L_0x555e74a3cb00;  1 drivers
v0x555e74a10240_0 .net "out4", 15 0, L_0x555e74a3d0a0;  1 drivers
v0x555e74a10350_0 .net "out5", 15 0, L_0x555e74a3d5b0;  1 drivers
v0x555e74a10460_0 .net "out6", 15 0, L_0x555e74a3db50;  1 drivers
v0x555e74a10570_0 .net "sel", 2 0, v0x555e74a21c30_0;  alias, 1 drivers
L_0x555e74a3c060 .part v0x555e74a21c30_0, 0, 1;
L_0x555e74a3c600 .part v0x555e74a21c30_0, 0, 1;
L_0x555e74a3cc30 .part v0x555e74a21c30_0, 0, 1;
L_0x555e74a3d140 .part v0x555e74a21c30_0, 0, 1;
L_0x555e74a3d6e0 .part v0x555e74a21c30_0, 1, 1;
L_0x555e74a3dc80 .part v0x555e74a21c30_0, 1, 1;
L_0x555e74a3e330 .part v0x555e74a21c30_0, 2, 1;
S_0x555e749f3500 .scope module, "xx1" "mux_2" 4 9, 5 1 0, S_0x555e749f7600;
 .timescale 0 0;
    .port_info 0 /INPUT 16 "i0"
    .port_info 1 /INPUT 16 "i1"
    .port_info 2 /INPUT 1 "s"
    .port_info 3 /OUTPUT 16 "q"
v0x555e749cd040_0 .net "i0", 15 0, L_0x555e74a21d20;  alias, 1 drivers
v0x555e74a0ca70_0 .net "i1", 15 0, L_0x555e74a21e20;  alias, 1 drivers
v0x555e74a0cb50_0 .net "padds", 15 0, L_0x555e74a3bc10;  1 drivers
v0x555e74a0cc10_0 .net "q", 15 0, L_0x555e74a3bf30;  alias, 1 drivers
v0x555e74a0ccf0_0 .net "s", 0 0, L_0x555e74a3c060;  1 drivers
LS_0x555e74a3bc10_0_0 .concat [ 1 1 1 1], L_0x555e74a3c060, L_0x555e74a3c060, L_0x555e74a3c060, L_0x555e74a3c060;
LS_0x555e74a3bc10_0_4 .concat [ 1 1 1 1], L_0x555e74a3c060, L_0x555e74a3c060, L_0x555e74a3c060, L_0x555e74a3c060;
LS_0x555e74a3bc10_0_8 .concat [ 1 1 1 1], L_0x555e74a3c060, L_0x555e74a3c060, L_0x555e74a3c060, L_0x555e74a3c060;
LS_0x555e74a3bc10_0_12 .concat [ 1 1 1 1], L_0x555e74a3c060, L_0x555e74a3c060, L_0x555e74a3c060, L_0x555e74a3c060;
L_0x555e74a3bc10 .concat [ 4 4 4 4], LS_0x555e74a3bc10_0_0, LS_0x555e74a3bc10_0_4, LS_0x555e74a3bc10_0_8, LS_0x555e74a3bc10_0_12;
L_0x555e74a3bf30 .functor MUXZ 16, L_0x555e74a21d20, L_0x555e74a21e20, L_0x555e74a3c060, C4<>;
S_0x555e749f4570 .scope module, "xx14" "mux_2" 4 14, 5 1 0, S_0x555e749f7600;
 .timescale 0 0;
    .port_info 0 /INPUT 16 "i0"
    .port_info 1 /INPUT 16 "i1"
    .port_info 2 /INPUT 1 "s"
    .port_info 3 /OUTPUT 16 "q"
v0x555e74a0cf60_0 .net "i0", 15 0, L_0x555e74a3bf30;  alias, 1 drivers
v0x555e74a0d020_0 .net "i1", 15 0, L_0x555e74a3c4d0;  alias, 1 drivers
v0x555e74a0d0e0_0 .net "padds", 15 0, L_0x555e74a3d1e0;  1 drivers
v0x555e74a0d1a0_0 .net "q", 15 0, L_0x555e74a3d5b0;  alias, 1 drivers
v0x555e74a0d280_0 .net "s", 0 0, L_0x555e74a3d6e0;  1 drivers
LS_0x555e74a3d1e0_0_0 .concat [ 1 1 1 1], L_0x555e74a3d6e0, L_0x555e74a3d6e0, L_0x555e74a3d6e0, L_0x555e74a3d6e0;
LS_0x555e74a3d1e0_0_4 .concat [ 1 1 1 1], L_0x555e74a3d6e0, L_0x555e74a3d6e0, L_0x555e74a3d6e0, L_0x555e74a3d6e0;
LS_0x555e74a3d1e0_0_8 .concat [ 1 1 1 1], L_0x555e74a3d6e0, L_0x555e74a3d6e0, L_0x555e74a3d6e0, L_0x555e74a3d6e0;
LS_0x555e74a3d1e0_0_12 .concat [ 1 1 1 1], L_0x555e74a3d6e0, L_0x555e74a3d6e0, L_0x555e74a3d6e0, L_0x555e74a3d6e0;
L_0x555e74a3d1e0 .concat [ 4 4 4 4], LS_0x555e74a3d1e0_0_0, LS_0x555e74a3d1e0_0_4, LS_0x555e74a3d1e0_0_8, LS_0x555e74a3d1e0_0_12;
L_0x555e74a3d5b0 .functor MUXZ 16, L_0x555e74a3bf30, L_0x555e74a3c4d0, L_0x555e74a3d6e0, C4<>;
S_0x555e749db290 .scope module, "xx15" "mux_2" 4 15, 5 1 0, S_0x555e749f7600;
 .timescale 0 0;
    .port_info 0 /INPUT 16 "i0"
    .port_info 1 /INPUT 16 "i1"
    .port_info 2 /INPUT 1 "s"
    .port_info 3 /OUTPUT 16 "q"
v0x555e74a0d500_0 .net "i0", 15 0, L_0x555e74a3cb00;  alias, 1 drivers
v0x555e74a0d5e0_0 .net "i1", 15 0, L_0x555e74a3d0a0;  alias, 1 drivers
v0x555e74a0d6c0_0 .net "padds", 15 0, L_0x555e74a3d780;  1 drivers
v0x555e74a0d7b0_0 .net "q", 15 0, L_0x555e74a3db50;  alias, 1 drivers
v0x555e74a0d890_0 .net "s", 0 0, L_0x555e74a3dc80;  1 drivers
LS_0x555e74a3d780_0_0 .concat [ 1 1 1 1], L_0x555e74a3dc80, L_0x555e74a3dc80, L_0x555e74a3dc80, L_0x555e74a3dc80;
LS_0x555e74a3d780_0_4 .concat [ 1 1 1 1], L_0x555e74a3dc80, L_0x555e74a3dc80, L_0x555e74a3dc80, L_0x555e74a3dc80;
LS_0x555e74a3d780_0_8 .concat [ 1 1 1 1], L_0x555e74a3dc80, L_0x555e74a3dc80, L_0x555e74a3dc80, L_0x555e74a3dc80;
LS_0x555e74a3d780_0_12 .concat [ 1 1 1 1], L_0x555e74a3dc80, L_0x555e74a3dc80, L_0x555e74a3dc80, L_0x555e74a3dc80;
L_0x555e74a3d780 .concat [ 4 4 4 4], LS_0x555e74a3d780_0_0, LS_0x555e74a3d780_0_4, LS_0x555e74a3d780_0_8, LS_0x555e74a3d780_0_12;
L_0x555e74a3db50 .functor MUXZ 16, L_0x555e74a3cb00, L_0x555e74a3d0a0, L_0x555e74a3dc80, C4<>;
S_0x555e74a0da20 .scope module, "xx2" "mux_2" 4 10, 5 1 0, S_0x555e749f7600;
 .timescale 0 0;
    .port_info 0 /INPUT 16 "i0"
    .port_info 1 /INPUT 16 "i1"
    .port_info 2 /INPUT 1 "s"
    .port_info 3 /OUTPUT 16 "q"
v0x555e74a0dc60_0 .net "i0", 15 0, L_0x555e74a22040;  alias, 1 drivers
v0x555e74a0dd60_0 .net "i1", 15 0, L_0x555e74a221d0;  alias, 1 drivers
v0x555e74a0de40_0 .net "padds", 15 0, L_0x555e74a3c100;  1 drivers
v0x555e74a0df30_0 .net "q", 15 0, L_0x555e74a3c4d0;  alias, 1 drivers
v0x555e74a0e020_0 .net "s", 0 0, L_0x555e74a3c600;  1 drivers
LS_0x555e74a3c100_0_0 .concat [ 1 1 1 1], L_0x555e74a3c600, L_0x555e74a3c600, L_0x555e74a3c600, L_0x555e74a3c600;
LS_0x555e74a3c100_0_4 .concat [ 1 1 1 1], L_0x555e74a3c600, L_0x555e74a3c600, L_0x555e74a3c600, L_0x555e74a3c600;
LS_0x555e74a3c100_0_8 .concat [ 1 1 1 1], L_0x555e74a3c600, L_0x555e74a3c600, L_0x555e74a3c600, L_0x555e74a3c600;
LS_0x555e74a3c100_0_12 .concat [ 1 1 1 1], L_0x555e74a3c600, L_0x555e74a3c600, L_0x555e74a3c600, L_0x555e74a3c600;
L_0x555e74a3c100 .concat [ 4 4 4 4], LS_0x555e74a3c100_0_0, LS_0x555e74a3c100_0_4, LS_0x555e74a3c100_0_8, LS_0x555e74a3c100_0_12;
L_0x555e74a3c4d0 .functor MUXZ 16, L_0x555e74a22040, L_0x555e74a221d0, L_0x555e74a3c600, C4<>;
S_0x555e74a0e190 .scope module, "xx20" "mux_2" 4 17, 5 1 0, S_0x555e749f7600;
 .timescale 0 0;
    .port_info 0 /INPUT 16 "i0"
    .port_info 1 /INPUT 16 "i1"
    .port_info 2 /INPUT 1 "s"
    .port_info 3 /OUTPUT 16 "q"
v0x555e74a0e420_0 .net "i0", 15 0, L_0x555e74a3d5b0;  alias, 1 drivers
v0x555e74a0e500_0 .net "i1", 15 0, L_0x555e74a3db50;  alias, 1 drivers
v0x555e74a0e5d0_0 .net "padds", 15 0, L_0x555e74a3dd20;  1 drivers
v0x555e74a0e6a0_0 .net "q", 15 0, L_0x555e74a3e170;  alias, 1 drivers
v0x555e74a0e780_0 .net "s", 0 0, L_0x555e74a3e330;  1 drivers
LS_0x555e74a3dd20_0_0 .concat [ 1 1 1 1], L_0x555e74a3e330, L_0x555e74a3e330, L_0x555e74a3e330, L_0x555e74a3e330;
LS_0x555e74a3dd20_0_4 .concat [ 1 1 1 1], L_0x555e74a3e330, L_0x555e74a3e330, L_0x555e74a3e330, L_0x555e74a3e330;
LS_0x555e74a3dd20_0_8 .concat [ 1 1 1 1], L_0x555e74a3e330, L_0x555e74a3e330, L_0x555e74a3e330, L_0x555e74a3e330;
LS_0x555e74a3dd20_0_12 .concat [ 1 1 1 1], L_0x555e74a3e330, L_0x555e74a3e330, L_0x555e74a3e330, L_0x555e74a3e330;
L_0x555e74a3dd20 .concat [ 4 4 4 4], LS_0x555e74a3dd20_0_0, LS_0x555e74a3dd20_0_4, LS_0x555e74a3dd20_0_8, LS_0x555e74a3dd20_0_12;
L_0x555e74a3e170 .functor MUXZ 16, L_0x555e74a3d5b0, L_0x555e74a3db50, L_0x555e74a3e330, C4<>;
S_0x555e74a0e910 .scope module, "xx3" "mux_2" 4 11, 5 1 0, S_0x555e749f7600;
 .timescale 0 0;
    .port_info 0 /INPUT 16 "i0"
    .port_info 1 /INPUT 16 "i1"
    .port_info 2 /INPUT 1 "s"
    .port_info 3 /OUTPUT 16 "q"
v0x555e74a0eb50_0 .net "i0", 15 0, L_0x555e74a22330;  alias, 1 drivers
v0x555e74a0ec50_0 .net "i1", 15 0, L_0x555e74a224b0;  alias, 1 drivers
v0x555e74a0ed30_0 .net "padds", 15 0, L_0x555e74a3c730;  1 drivers
v0x555e74a0ee20_0 .net "q", 15 0, L_0x555e74a3cb00;  alias, 1 drivers
v0x555e74a0ef10_0 .net "s", 0 0, L_0x555e74a3cc30;  1 drivers
LS_0x555e74a3c730_0_0 .concat [ 1 1 1 1], L_0x555e74a3cc30, L_0x555e74a3cc30, L_0x555e74a3cc30, L_0x555e74a3cc30;
LS_0x555e74a3c730_0_4 .concat [ 1 1 1 1], L_0x555e74a3cc30, L_0x555e74a3cc30, L_0x555e74a3cc30, L_0x555e74a3cc30;
LS_0x555e74a3c730_0_8 .concat [ 1 1 1 1], L_0x555e74a3cc30, L_0x555e74a3cc30, L_0x555e74a3cc30, L_0x555e74a3cc30;
LS_0x555e74a3c730_0_12 .concat [ 1 1 1 1], L_0x555e74a3cc30, L_0x555e74a3cc30, L_0x555e74a3cc30, L_0x555e74a3cc30;
L_0x555e74a3c730 .concat [ 4 4 4 4], LS_0x555e74a3c730_0_0, LS_0x555e74a3c730_0_4, LS_0x555e74a3c730_0_8, LS_0x555e74a3c730_0_12;
L_0x555e74a3cb00 .functor MUXZ 16, L_0x555e74a22330, L_0x555e74a224b0, L_0x555e74a3cc30, C4<>;
S_0x555e74a0f080 .scope module, "xx4" "mux_2" 4 12, 5 1 0, S_0x555e749f7600;
 .timescale 0 0;
    .port_info 0 /INPUT 16 "i0"
    .port_info 1 /INPUT 16 "i1"
    .port_info 2 /INPUT 1 "s"
    .port_info 3 /OUTPUT 16 "q"
v0x555e74a0f2c0_0 .net "i0", 15 0, L_0x555e74a22520;  alias, 1 drivers
v0x555e74a0f3c0_0 .net "i1", 15 0, L_0x555e74a2bac0;  alias, 1 drivers
v0x555e74a0f4a0_0 .net "padds", 15 0, L_0x555e74a3ccd0;  1 drivers
v0x555e74a0f590_0 .net "q", 15 0, L_0x555e74a3d0a0;  alias, 1 drivers
v0x555e74a0f680_0 .net "s", 0 0, L_0x555e74a3d140;  1 drivers
LS_0x555e74a3ccd0_0_0 .concat [ 1 1 1 1], L_0x555e74a3d140, L_0x555e74a3d140, L_0x555e74a3d140, L_0x555e74a3d140;
LS_0x555e74a3ccd0_0_4 .concat [ 1 1 1 1], L_0x555e74a3d140, L_0x555e74a3d140, L_0x555e74a3d140, L_0x555e74a3d140;
LS_0x555e74a3ccd0_0_8 .concat [ 1 1 1 1], L_0x555e74a3d140, L_0x555e74a3d140, L_0x555e74a3d140, L_0x555e74a3d140;
LS_0x555e74a3ccd0_0_12 .concat [ 1 1 1 1], L_0x555e74a3d140, L_0x555e74a3d140, L_0x555e74a3d140, L_0x555e74a3d140;
L_0x555e74a3ccd0 .concat [ 4 4 4 4], LS_0x555e74a3ccd0_0_0, LS_0x555e74a3ccd0_0_4, LS_0x555e74a3ccd0_0_8, LS_0x555e74a3ccd0_0_12;
L_0x555e74a3d0a0 .functor MUXZ 16, L_0x555e74a22520, L_0x555e74a2bac0, L_0x555e74a3d140, C4<>;
S_0x555e74a107f0 .scope module, "xxx2" "twos_comp" 3 21, 6 2 0, S_0x555e749f2490;
 .timescale 0 0;
    .port_info 0 /INPUT 16 "inp"
    .port_info 1 /OUTPUT 16 "out"
L_0x555e74a22620 .functor NOT 16, v0x555e74a219f0_0, C4<0000000000000000>, C4<0000000000000000>, C4<0000000000000000>;
v0x555e74a20530_0 .net "carry", 0 0, L_0x555e74a2b050;  1 drivers
v0x555e74a20680_0 .net "inp", 15 0, v0x555e74a219f0_0;  alias, 1 drivers
v0x555e74a20760_0 .net "o1", 15 0, L_0x555e74a22620;  1 drivers
v0x555e74a20800_0 .net "out", 15 0, L_0x555e74a2bac0;  alias, 1 drivers
S_0x555e74a109e0 .scope module, "s1" "sixteenbitadder" 6 12, 7 2 0, S_0x555e74a107f0;
 .timescale 0 0;
    .port_info 0 /INPUT 16 "A"
    .port_info 1 /INPUT 16 "B"
    .port_info 2 /INPUT 1 "cin"
    .port_info 3 /OUTPUT 16 "sum"
    .port_info 4 /OUTPUT 1 "carry"
v0x555e74a1ffe0_0 .net "A", 15 0, L_0x555e74a22620;  alias, 1 drivers
L_0x7f7073300018 .functor BUFT 1, C4<0000000000000001>, C4<0>, C4<0>, C4<0>;
v0x555e74a200e0_0 .net "B", 15 0, L_0x7f7073300018;  1 drivers
v0x555e74a201c0_0 .net "carry", 0 0, L_0x555e74a2b050;  alias, 1 drivers
L_0x7f7073300060 .functor BUFT 1, C4<0>, C4<0>, C4<0>, C4<0>;
v0x555e74a20260_0 .net "cin", 0 0, L_0x7f7073300060;  1 drivers
v0x555e74a20300_0 .net "sum", 15 0, L_0x555e74a2bac0;  alias, 1 drivers
v0x555e74a203f0_0 .net "w1", 0 0, L_0x555e74a26660;  1 drivers
L_0x555e74a26f00 .part L_0x555e74a22620, 0, 8;
L_0x555e74a26fa0 .part L_0x7f7073300018, 0, 8;
L_0x555e74a2b8f0 .part L_0x555e74a22620, 8, 8;
L_0x555e74a2ba20 .part L_0x7f7073300018, 8, 8;
L_0x555e74a2bac0 .concat8 [ 8 8 0 0], L_0x555e74a26dc0, L_0x555e74a2b7b0;
S_0x555e74a10bd0 .scope module, "fa01" "eightbitadder" 7 8, 8 2 0, S_0x555e74a109e0;
 .timescale 0 0;
    .port_info 0 /INPUT 8 "A"
    .port_info 1 /INPUT 8 "B"
    .port_info 2 /INPUT 1 "cin"
    .port_info 3 /OUTPUT 8 "sum"
    .port_info 4 /OUTPUT 1 "carry"
v0x555e74a17f20_0 .net "A", 7 0, L_0x555e74a26f00;  1 drivers
v0x555e74a18020_0 .net "B", 7 0, L_0x555e74a26fa0;  1 drivers
v0x555e74a18100_0 .net "carry", 0 0, L_0x555e74a26660;  alias, 1 drivers
v0x555e74a181f0_0 .net "cin", 0 0, L_0x7f7073300060;  alias, 1 drivers
v0x555e74a182e0_0 .net "sum", 7 0, L_0x555e74a26dc0;  1 drivers
v0x555e74a183f0_0 .net "w1", 0 0, L_0x555e74a242c0;  1 drivers
L_0x555e74a24840 .part L_0x555e74a26f00, 0, 4;
L_0x555e74a248e0 .part L_0x555e74a26fa0, 0, 4;
L_0x555e74a26be0 .part L_0x555e74a26f00, 4, 4;
L_0x555e74a26cd0 .part L_0x555e74a26fa0, 4, 4;
L_0x555e74a26dc0 .concat8 [ 4 4 0 0], L_0x555e74a247a0, L_0x555e74a26b40;
S_0x555e74a10dc0 .scope module, "fa01" "fourbitadder" 8 8, 9 2 0, S_0x555e74a10bd0;
 .timescale 0 0;
    .port_info 0 /INPUT 4 "A"
    .port_info 1 /INPUT 4 "B"
    .port_info 2 /INPUT 1 "cin"
    .port_info 3 /OUTPUT 4 "sum"
    .port_info 4 /OUTPUT 1 "carry"
v0x555e74a13ed0_0 .net "A", 3 0, L_0x555e74a24840;  1 drivers
v0x555e74a13fd0_0 .net "B", 3 0, L_0x555e74a248e0;  1 drivers
v0x555e74a140b0_0 .net "carry", 0 0, L_0x555e74a242c0;  alias, 1 drivers
v0x555e74a14180_0 .net "cin", 0 0, L_0x7f7073300060;  alias, 1 drivers
v0x555e74a14250_0 .net "sum", 3 0, L_0x555e74a247a0;  1 drivers
v0x555e74a142f0_0 .net "w1", 0 0, L_0x555e74a22b60;  1 drivers
v0x555e74a143e0_0 .net "w2", 0 0, L_0x555e74a232e0;  1 drivers
v0x555e74a144d0_0 .net "w3", 0 0, L_0x555e74a23b00;  1 drivers
L_0x555e74a22c70 .part L_0x555e74a24840, 0, 1;
L_0x555e74a22da0 .part L_0x555e74a248e0, 0, 1;
L_0x555e74a233f0 .part L_0x555e74a24840, 1, 1;
L_0x555e74a23520 .part L_0x555e74a248e0, 1, 1;
L_0x555e74a23c10 .part L_0x555e74a24840, 2, 1;
L_0x555e74a23d40 .part L_0x555e74a248e0, 2, 1;
L_0x555e74a243d0 .part L_0x555e74a24840, 3, 1;
L_0x555e74a24590 .part L_0x555e74a248e0, 3, 1;
L_0x555e74a247a0 .concat8 [ 1 1 1 1], L_0x555e74a227b0, L_0x555e74a22f40, L_0x555e74a236c0, L_0x555e74a23f20;
S_0x555e74a11030 .scope module, "fa0" "fulladder" 9 8, 10 1 0, S_0x555e74a10dc0;
 .timescale 0 0;
    .port_info 0 /INPUT 1 "A"
    .port_info 1 /INPUT 1 "B"
    .port_info 2 /INPUT 1 "cin"
    .port_info 3 /OUTPUT 1 "sum"
    .port_info 4 /OUTPUT 1 "carry"
L_0x555e74a22720 .functor XOR 1, L_0x555e74a22c70, L_0x555e74a22da0, C4<0>, C4<0>;
L_0x555e74a227b0 .functor XOR 1, L_0x555e74a22720, L_0x7f7073300060, C4<0>, C4<0>;
L_0x555e74a22870 .functor AND 1, L_0x555e74a22c70, L_0x555e74a22da0, C4<1>, C4<1>;
L_0x555e74a22930 .functor AND 1, L_0x555e74a22da0, L_0x7f7073300060, C4<1>, C4<1>;
L_0x555e74a229a0 .functor OR 1, L_0x555e74a22870, L_0x555e74a22930, C4<0>, C4<0>;
L_0x555e74a22ab0 .functor AND 1, L_0x7f7073300060, L_0x555e74a22c70, C4<1>, C4<1>;
L_0x555e74a22b60 .functor OR 1, L_0x555e74a229a0, L_0x555e74a22ab0, C4<0>, C4<0>;
v0x555e74a112a0_0 .net "A", 0 0, L_0x555e74a22c70;  1 drivers
v0x555e74a11380_0 .net "B", 0 0, L_0x555e74a22da0;  1 drivers
v0x555e74a11440_0 .net *"_s0", 0 0, L_0x555e74a22720;  1 drivers
v0x555e74a11500_0 .net *"_s10", 0 0, L_0x555e74a22ab0;  1 drivers
v0x555e74a115e0_0 .net *"_s4", 0 0, L_0x555e74a22870;  1 drivers
v0x555e74a11710_0 .net *"_s6", 0 0, L_0x555e74a22930;  1 drivers
v0x555e74a117f0_0 .net *"_s8", 0 0, L_0x555e74a229a0;  1 drivers
v0x555e74a118d0_0 .net "carry", 0 0, L_0x555e74a22b60;  alias, 1 drivers
v0x555e74a11990_0 .net "cin", 0 0, L_0x7f7073300060;  alias, 1 drivers
v0x555e74a11a50_0 .net "sum", 0 0, L_0x555e74a227b0;  1 drivers
S_0x555e74a11bb0 .scope module, "fa1" "fulladder" 9 9, 10 1 0, S_0x555e74a10dc0;
 .timescale 0 0;
    .port_info 0 /INPUT 1 "A"
    .port_info 1 /INPUT 1 "B"
    .port_info 2 /INPUT 1 "cin"
    .port_info 3 /OUTPUT 1 "sum"
    .port_info 4 /OUTPUT 1 "carry"
L_0x555e74a22ed0 .functor XOR 1, L_0x555e74a233f0, L_0x555e74a23520, C4<0>, C4<0>;
L_0x555e74a22f40 .functor XOR 1, L_0x555e74a22ed0, L_0x555e74a22b60, C4<0>, C4<0>;
L_0x555e74a23040 .functor AND 1, L_0x555e74a233f0, L_0x555e74a23520, C4<1>, C4<1>;
L_0x555e74a230b0 .functor AND 1, L_0x555e74a23520, L_0x555e74a22b60, C4<1>, C4<1>;
L_0x555e74a23120 .functor OR 1, L_0x555e74a23040, L_0x555e74a230b0, C4<0>, C4<0>;
L_0x555e74a23230 .functor AND 1, L_0x555e74a22b60, L_0x555e74a233f0, C4<1>, C4<1>;
L_0x555e74a232e0 .functor OR 1, L_0x555e74a23120, L_0x555e74a23230, C4<0>, C4<0>;
v0x555e74a11dd0_0 .net "A", 0 0, L_0x555e74a233f0;  1 drivers
v0x555e74a11e90_0 .net "B", 0 0, L_0x555e74a23520;  1 drivers
v0x555e74a11f50_0 .net *"_s0", 0 0, L_0x555e74a22ed0;  1 drivers
v0x555e74a12010_0 .net *"_s10", 0 0, L_0x555e74a23230;  1 drivers
v0x555e74a120f0_0 .net *"_s4", 0 0, L_0x555e74a23040;  1 drivers
v0x555e74a12220_0 .net *"_s6", 0 0, L_0x555e74a230b0;  1 drivers
v0x555e74a12300_0 .net *"_s8", 0 0, L_0x555e74a23120;  1 drivers
v0x555e74a123e0_0 .net "carry", 0 0, L_0x555e74a232e0;  alias, 1 drivers
v0x555e74a124a0_0 .net "cin", 0 0, L_0x555e74a22b60;  alias, 1 drivers
v0x555e74a125d0_0 .net "sum", 0 0, L_0x555e74a22f40;  1 drivers
S_0x555e74a12740 .scope module, "fa2" "fulladder" 9 10, 10 1 0, S_0x555e74a10dc0;
 .timescale 0 0;
    .port_info 0 /INPUT 1 "A"
    .port_info 1 /INPUT 1 "B"
    .port_info 2 /INPUT 1 "cin"
    .port_info 3 /OUTPUT 1 "sum"
    .port_info 4 /OUTPUT 1 "carry"
L_0x555e74a23650 .functor XOR 1, L_0x555e74a23c10, L_0x555e74a23d40, C4<0>, C4<0>;
L_0x555e74a236c0 .functor XOR 1, L_0x555e74a23650, L_0x555e74a232e0, C4<0>, C4<0>;
L_0x555e74a23810 .functor AND 1, L_0x555e74a23c10, L_0x555e74a23d40, C4<1>, C4<1>;
L_0x555e74a238d0 .functor AND 1, L_0x555e74a23d40, L_0x555e74a232e0, C4<1>, C4<1>;
L_0x555e74a23940 .functor OR 1, L_0x555e74a23810, L_0x555e74a238d0, C4<0>, C4<0>;
L_0x555e74a23a50 .functor AND 1, L_0x555e74a232e0, L_0x555e74a23c10, C4<1>, C4<1>;
L_0x555e74a23b00 .functor OR 1, L_0x555e74a23940, L_0x555e74a23a50, C4<0>, C4<0>;
v0x555e74a12970_0 .net "A", 0 0, L_0x555e74a23c10;  1 drivers
v0x555e74a12a30_0 .net "B", 0 0, L_0x555e74a23d40;  1 drivers
v0x555e74a12af0_0 .net *"_s0", 0 0, L_0x555e74a23650;  1 drivers
v0x555e74a12be0_0 .net *"_s10", 0 0, L_0x555e74a23a50;  1 drivers
v0x555e74a12cc0_0 .net *"_s4", 0 0, L_0x555e74a23810;  1 drivers
v0x555e74a12df0_0 .net *"_s6", 0 0, L_0x555e74a238d0;  1 drivers
v0x555e74a12ed0_0 .net *"_s8", 0 0, L_0x555e74a23940;  1 drivers
v0x555e74a12fb0_0 .net "carry", 0 0, L_0x555e74a23b00;  alias, 1 drivers
v0x555e74a13070_0 .net "cin", 0 0, L_0x555e74a232e0;  alias, 1 drivers
v0x555e74a131a0_0 .net "sum", 0 0, L_0x555e74a236c0;  1 drivers
S_0x555e74a13310 .scope module, "fa3" "fulladder" 9 11, 10 1 0, S_0x555e74a10dc0;
 .timescale 0 0;
    .port_info 0 /INPUT 1 "A"
    .port_info 1 /INPUT 1 "B"
    .port_info 2 /INPUT 1 "cin"
    .port_info 3 /OUTPUT 1 "sum"
    .port_info 4 /OUTPUT 1 "carry"
L_0x555e74a23eb0 .functor XOR 1, L_0x555e74a243d0, L_0x555e74a24590, C4<0>, C4<0>;
L_0x555e74a23f20 .functor XOR 1, L_0x555e74a23eb0, L_0x555e74a23b00, C4<0>, C4<0>;
L_0x555e74a24020 .functor AND 1, L_0x555e74a243d0, L_0x555e74a24590, C4<1>, C4<1>;
L_0x555e74a24090 .functor AND 1, L_0x555e74a24590, L_0x555e74a23b00, C4<1>, C4<1>;
L_0x555e74a24100 .functor OR 1, L_0x555e74a24020, L_0x555e74a24090, C4<0>, C4<0>;
L_0x555e74a24210 .functor AND 1, L_0x555e74a23b00, L_0x555e74a243d0, C4<1>, C4<1>;
L_0x555e74a242c0 .functor OR 1, L_0x555e74a24100, L_0x555e74a24210, C4<0>, C4<0>;
v0x555e74a13510_0 .net "A", 0 0, L_0x555e74a243d0;  1 drivers
v0x555e74a135f0_0 .net "B", 0 0, L_0x555e74a24590;  1 drivers
v0x555e74a136b0_0 .net *"_s0", 0 0, L_0x555e74a23eb0;  1 drivers
v0x555e74a137a0_0 .net *"_s10", 0 0, L_0x555e74a24210;  1 drivers
v0x555e74a13880_0 .net *"_s4", 0 0, L_0x555e74a24020;  1 drivers
v0x555e74a139b0_0 .net *"_s6", 0 0, L_0x555e74a24090;  1 drivers
v0x555e74a13a90_0 .net *"_s8", 0 0, L_0x555e74a24100;  1 drivers
v0x555e74a13b70_0 .net "carry", 0 0, L_0x555e74a242c0;  alias, 1 drivers
v0x555e74a13c30_0 .net "cin", 0 0, L_0x555e74a23b00;  alias, 1 drivers
v0x555e74a13d60_0 .net "sum", 0 0, L_0x555e74a23f20;  1 drivers
S_0x555e74a14640 .scope module, "fa11" "fourbitadder" 8 9, 9 2 0, S_0x555e74a10bd0;
 .timescale 0 0;
    .port_info 0 /INPUT 4 "A"
    .port_info 1 /INPUT 4 "B"
    .port_info 2 /INPUT 1 "cin"
    .port_info 3 /OUTPUT 4 "sum"
    .port_info 4 /OUTPUT 1 "carry"
v0x555e74a177c0_0 .net "A", 3 0, L_0x555e74a26be0;  1 drivers
v0x555e74a178c0_0 .net "B", 3 0, L_0x555e74a26cd0;  1 drivers
v0x555e74a179a0_0 .net "carry", 0 0, L_0x555e74a26660;  alias, 1 drivers
v0x555e74a17a70_0 .net "cin", 0 0, L_0x555e74a242c0;  alias, 1 drivers
v0x555e74a17b10_0 .net "sum", 3 0, L_0x555e74a26b40;  1 drivers
v0x555e74a17bb0_0 .net "w1", 0 0, L_0x555e74a24f00;  1 drivers
v0x555e74a17ca0_0 .net "w2", 0 0, L_0x555e74a25620;  1 drivers
v0x555e74a17d90_0 .net "w3", 0 0, L_0x555e74a25ea0;  1 drivers
L_0x555e74a25010 .part L_0x555e74a26be0, 0, 1;
L_0x555e74a250b0 .part L_0x555e74a26cd0, 0, 1;
L_0x555e74a25730 .part L_0x555e74a26be0, 1, 1;
L_0x555e74a25860 .part L_0x555e74a26cd0, 1, 1;
L_0x555e74a25fb0 .part L_0x555e74a26be0, 2, 1;
L_0x555e74a260e0 .part L_0x555e74a26cd0, 2, 1;
L_0x555e74a26770 .part L_0x555e74a26be0, 3, 1;
L_0x555e74a26930 .part L_0x555e74a26cd0, 3, 1;
L_0x555e74a26b40 .concat8 [ 1 1 1 1], L_0x555e74a249f0, L_0x555e74a25250, L_0x555e74a25a30, L_0x555e74a262c0;
S_0x555e74a148b0 .scope module, "fa0" "fulladder" 9 8, 10 1 0, S_0x555e74a14640;
 .timescale 0 0;
    .port_info 0 /INPUT 1 "A"
    .port_info 1 /INPUT 1 "B"
    .port_info 2 /INPUT 1 "cin"
    .port_info 3 /OUTPUT 1 "sum"
    .port_info 4 /OUTPUT 1 "carry"
L_0x555e74a24980 .functor XOR 1, L_0x555e74a25010, L_0x555e74a250b0, C4<0>, C4<0>;
L_0x555e74a249f0 .functor XOR 1, L_0x555e74a24980, L_0x555e74a242c0, C4<0>, C4<0>;
L_0x555e74a24ab0 .functor AND 1, L_0x555e74a25010, L_0x555e74a250b0, C4<1>, C4<1>;
L_0x555e74a24bc0 .functor AND 1, L_0x555e74a250b0, L_0x555e74a242c0, C4<1>, C4<1>;
L_0x555e74a24c30 .functor OR 1, L_0x555e74a24ab0, L_0x555e74a24bc0, C4<0>, C4<0>;
L_0x555e74a24d40 .functor AND 1, L_0x555e74a242c0, L_0x555e74a25010, C4<1>, C4<1>;
L_0x555e74a24f00 .functor OR 1, L_0x555e74a24c30, L_0x555e74a24d40, C4<0>, C4<0>;
v0x555e74a14b00_0 .net "A", 0 0, L_0x555e74a25010;  1 drivers
v0x555e74a14be0_0 .net "B", 0 0, L_0x555e74a250b0;  1 drivers
v0x555e74a14ca0_0 .net *"_s0", 0 0, L_0x555e74a24980;  1 drivers
v0x555e74a14d60_0 .net *"_s10", 0 0, L_0x555e74a24d40;  1 drivers
v0x555e74a14e40_0 .net *"_s4", 0 0, L_0x555e74a24ab0;  1 drivers
v0x555e74a14f70_0 .net *"_s6", 0 0, L_0x555e74a24bc0;  1 drivers
v0x555e74a15050_0 .net *"_s8", 0 0, L_0x555e74a24c30;  1 drivers
v0x555e74a15130_0 .net "carry", 0 0, L_0x555e74a24f00;  alias, 1 drivers
v0x555e74a151f0_0 .net "cin", 0 0, L_0x555e74a242c0;  alias, 1 drivers
v0x555e74a15320_0 .net "sum", 0 0, L_0x555e74a249f0;  1 drivers
S_0x555e74a15480 .scope module, "fa1" "fulladder" 9 9, 10 1 0, S_0x555e74a14640;
 .timescale 0 0;
    .port_info 0 /INPUT 1 "A"
    .port_info 1 /INPUT 1 "B"
    .port_info 2 /INPUT 1 "cin"
    .port_info 3 /OUTPUT 1 "sum"
    .port_info 4 /OUTPUT 1 "carry"
L_0x555e74a251e0 .functor XOR 1, L_0x555e74a25730, L_0x555e74a25860, C4<0>, C4<0>;
L_0x555e74a25250 .functor XOR 1, L_0x555e74a251e0, L_0x555e74a24f00, C4<0>, C4<0>;
L_0x555e74a25350 .functor AND 1, L_0x555e74a25730, L_0x555e74a25860, C4<1>, C4<1>;
L_0x555e74a253c0 .functor AND 1, L_0x555e74a25860, L_0x555e74a24f00, C4<1>, C4<1>;
L_0x555e74a25460 .functor OR 1, L_0x555e74a25350, L_0x555e74a253c0, C4<0>, C4<0>;
L_0x555e74a25570 .functor AND 1, L_0x555e74a24f00, L_0x555e74a25730, C4<1>, C4<1>;
L_0x555e74a25620 .functor OR 1, L_0x555e74a25460, L_0x555e74a25570, C4<0>, C4<0>;
v0x555e74a156f0_0 .net "A", 0 0, L_0x555e74a25730;  1 drivers
v0x555e74a157b0_0 .net "B", 0 0, L_0x555e74a25860;  1 drivers
v0x555e74a15870_0 .net *"_s0", 0 0, L_0x555e74a251e0;  1 drivers
v0x555e74a15930_0 .net *"_s10", 0 0, L_0x555e74a25570;  1 drivers
v0x555e74a15a10_0 .net *"_s4", 0 0, L_0x555e74a25350;  1 drivers
v0x555e74a15b40_0 .net *"_s6", 0 0, L_0x555e74a253c0;  1 drivers
v0x555e74a15c20_0 .net *"_s8", 0 0, L_0x555e74a25460;  1 drivers
v0x555e74a15d00_0 .net "carry", 0 0, L_0x555e74a25620;  alias, 1 drivers
v0x555e74a15dc0_0 .net "cin", 0 0, L_0x555e74a24f00;  alias, 1 drivers
v0x555e74a15ef0_0 .net "sum", 0 0, L_0x555e74a25250;  1 drivers
S_0x555e74a16030 .scope module, "fa2" "fulladder" 9 10, 10 1 0, S_0x555e74a14640;
 .timescale 0 0;
    .port_info 0 /INPUT 1 "A"
    .port_info 1 /INPUT 1 "B"
    .port_info 2 /INPUT 1 "cin"
    .port_info 3 /OUTPUT 1 "sum"
    .port_info 4 /OUTPUT 1 "carry"
L_0x555e74a259c0 .functor XOR 1, L_0x555e74a25fb0, L_0x555e74a260e0, C4<0>, C4<0>;
L_0x555e74a25a30 .functor XOR 1, L_0x555e74a259c0, L_0x555e74a25620, C4<0>, C4<0>;
L_0x555e74a25b80 .functor AND 1, L_0x555e74a25fb0, L_0x555e74a260e0, C4<1>, C4<1>;
L_0x555e74a25c40 .functor AND 1, L_0x555e74a260e0, L_0x555e74a25620, C4<1>, C4<1>;
L_0x555e74a25ce0 .functor OR 1, L_0x555e74a25b80, L_0x555e74a25c40, C4<0>, C4<0>;
L_0x555e74a25df0 .functor AND 1, L_0x555e74a25620, L_0x555e74a25fb0, C4<1>, C4<1>;
L_0x555e74a25ea0 .functor OR 1, L_0x555e74a25ce0, L_0x555e74a25df0, C4<0>, C4<0>;
v0x555e74a16260_0 .net "A", 0 0, L_0x555e74a25fb0;  1 drivers
v0x555e74a16320_0 .net "B", 0 0, L_0x555e74a260e0;  1 drivers
v0x555e74a163e0_0 .net *"_s0", 0 0, L_0x555e74a259c0;  1 drivers
v0x555e74a164d0_0 .net *"_s10", 0 0, L_0x555e74a25df0;  1 drivers
v0x555e74a165b0_0 .net *"_s4", 0 0, L_0x555e74a25b80;  1 drivers
v0x555e74a166e0_0 .net *"_s6", 0 0, L_0x555e74a25c40;  1 drivers
v0x555e74a167c0_0 .net *"_s8", 0 0, L_0x555e74a25ce0;  1 drivers
v0x555e74a168a0_0 .net "carry", 0 0, L_0x555e74a25ea0;  alias, 1 drivers
v0x555e74a16960_0 .net "cin", 0 0, L_0x555e74a25620;  alias, 1 drivers
v0x555e74a16a90_0 .net "sum", 0 0, L_0x555e74a25a30;  1 drivers
S_0x555e74a16c00 .scope module, "fa3" "fulladder" 9 11, 10 1 0, S_0x555e74a14640;
 .timescale 0 0;
    .port_info 0 /INPUT 1 "A"
    .port_info 1 /INPUT 1 "B"
    .port_info 2 /INPUT 1 "cin"
    .port_info 3 /OUTPUT 1 "sum"
    .port_info 4 /OUTPUT 1 "carry"
L_0x555e74a26250 .functor XOR 1, L_0x555e74a26770, L_0x555e74a26930, C4<0>, C4<0>;
L_0x555e74a262c0 .functor XOR 1, L_0x555e74a26250, L_0x555e74a25ea0, C4<0>, C4<0>;
L_0x555e74a263c0 .functor AND 1, L_0x555e74a26770, L_0x555e74a26930, C4<1>, C4<1>;
L_0x555e74a26430 .functor AND 1, L_0x555e74a26930, L_0x555e74a25ea0, C4<1>, C4<1>;
L_0x555e74a264a0 .functor OR 1, L_0x555e74a263c0, L_0x555e74a26430, C4<0>, C4<0>;
L_0x555e74a265b0 .functor AND 1, L_0x555e74a25ea0, L_0x555e74a26770, C4<1>, C4<1>;
L_0x555e74a26660 .functor OR 1, L_0x555e74a264a0, L_0x555e74a265b0, C4<0>, C4<0>;
v0x555e74a16e00_0 .net "A", 0 0, L_0x555e74a26770;  1 drivers
v0x555e74a16ee0_0 .net "B", 0 0, L_0x555e74a26930;  1 drivers
v0x555e74a16fa0_0 .net *"_s0", 0 0, L_0x555e74a26250;  1 drivers
v0x555e74a17090_0 .net *"_s10", 0 0, L_0x555e74a265b0;  1 drivers
v0x555e74a17170_0 .net *"_s4", 0 0, L_0x555e74a263c0;  1 drivers
v0x555e74a172a0_0 .net *"_s6", 0 0, L_0x555e74a26430;  1 drivers
v0x555e74a17380_0 .net *"_s8", 0 0, L_0x555e74a264a0;  1 drivers
v0x555e74a17460_0 .net "carry", 0 0, L_0x555e74a26660;  alias, 1 drivers
v0x555e74a17520_0 .net "cin", 0 0, L_0x555e74a25ea0;  alias, 1 drivers
v0x555e74a17650_0 .net "sum", 0 0, L_0x555e74a262c0;  1 drivers
S_0x555e74a185c0 .scope module, "fa11" "eightbitadder" 7 9, 8 2 0, S_0x555e74a109e0;
 .timescale 0 0;
    .port_info 0 /INPUT 8 "A"
    .port_info 1 /INPUT 8 "B"
    .port_info 2 /INPUT 1 "cin"
    .port_info 3 /OUTPUT 8 "sum"
    .port_info 4 /OUTPUT 1 "carry"
v0x555e74a1f990_0 .net "A", 7 0, L_0x555e74a2b8f0;  1 drivers
v0x555e74a1fa90_0 .net "B", 7 0, L_0x555e74a2ba20;  1 drivers
v0x555e74a1fb70_0 .net "carry", 0 0, L_0x555e74a2b050;  alias, 1 drivers
v0x555e74a1fc60_0 .net "cin", 0 0, L_0x555e74a26660;  alias, 1 drivers
v0x555e74a1fd00_0 .net "sum", 7 0, L_0x555e74a2b7b0;  1 drivers
v0x555e74a1fe10_0 .net "w1", 0 0, L_0x555e74a28cc0;  1 drivers
L_0x555e74a29240 .part L_0x555e74a2b8f0, 0, 4;
L_0x555e74a292e0 .part L_0x555e74a2ba20, 0, 4;
L_0x555e74a2b5d0 .part L_0x555e74a2b8f0, 4, 4;
L_0x555e74a2b6c0 .part L_0x555e74a2ba20, 4, 4;
L_0x555e74a2b7b0 .concat8 [ 4 4 0 0], L_0x555e74a291a0, L_0x555e74a2b530;
S_0x555e74a187e0 .scope module, "fa01" "fourbitadder" 8 8, 9 2 0, S_0x555e74a185c0;
 .timescale 0 0;
    .port_info 0 /INPUT 4 "A"
    .port_info 1 /INPUT 4 "B"
    .port_info 2 /INPUT 1 "cin"
    .port_info 3 /OUTPUT 4 "sum"
    .port_info 4 /OUTPUT 1 "carry"
v0x555e74a1b910_0 .net "A", 3 0, L_0x555e74a29240;  1 drivers
v0x555e74a1ba10_0 .net "B", 3 0, L_0x555e74a292e0;  1 drivers
v0x555e74a1baf0_0 .net "carry", 0 0, L_0x555e74a28cc0;  alias, 1 drivers
v0x555e74a1bbc0_0 .net "cin", 0 0, L_0x555e74a26660;  alias, 1 drivers
v0x555e74a1bcf0_0 .net "sum", 3 0, L_0x555e74a291a0;  1 drivers
v0x555e74a1bd90_0 .net "w1", 0 0, L_0x555e74a275c0;  1 drivers
v0x555e74a1be30_0 .net "w2", 0 0, L_0x555e74a27cb0;  1 drivers
v0x555e74a1bf20_0 .net "w3", 0 0, L_0x555e74a28500;  1 drivers
L_0x555e74a276d0 .part L_0x555e74a29240, 0, 1;
L_0x555e74a27770 .part L_0x555e74a292e0, 0, 1;
L_0x555e74a27dc0 .part L_0x555e74a29240, 1, 1;
L_0x555e74a27ef0 .part L_0x555e74a292e0, 1, 1;
L_0x555e74a28610 .part L_0x555e74a29240, 2, 1;
L_0x555e74a28740 .part L_0x555e74a292e0, 2, 1;
L_0x555e74a28dd0 .part L_0x555e74a29240, 3, 1;
L_0x555e74a28f90 .part L_0x555e74a292e0, 3, 1;
L_0x555e74a291a0 .concat8 [ 1 1 1 1], L_0x555e74a270b0, L_0x555e74a27910, L_0x555e74a28090, L_0x555e74a28920;
S_0x555e74a18a30 .scope module, "fa0" "fulladder" 9 8, 10 1 0, S_0x555e74a187e0;
 .timescale 0 0;
    .port_info 0 /INPUT 1 "A"
    .port_info 1 /INPUT 1 "B"
    .port_info 2 /INPUT 1 "cin"
    .port_info 3 /OUTPUT 1 "sum"
    .port_info 4 /OUTPUT 1 "carry"
L_0x555e74a27040 .functor XOR 1, L_0x555e74a276d0, L_0x555e74a27770, C4<0>, C4<0>;
L_0x555e74a270b0 .functor XOR 1, L_0x555e74a27040, L_0x555e74a26660, C4<0>, C4<0>;
L_0x555e74a27280 .functor AND 1, L_0x555e74a276d0, L_0x555e74a27770, C4<1>, C4<1>;
L_0x555e74a27390 .functor AND 1, L_0x555e74a27770, L_0x555e74a26660, C4<1>, C4<1>;
L_0x555e74a27400 .functor OR 1, L_0x555e74a27280, L_0x555e74a27390, C4<0>, C4<0>;
L_0x555e74a27510 .functor AND 1, L_0x555e74a26660, L_0x555e74a276d0, C4<1>, C4<1>;
L_0x555e74a275c0 .functor OR 1, L_0x555e74a27400, L_0x555e74a27510, C4<0>, C4<0>;
v0x555e74a18ca0_0 .net "A", 0 0, L_0x555e74a276d0;  1 drivers
v0x555e74a18d80_0 .net "B", 0 0, L_0x555e74a27770;  1 drivers
v0x555e74a18e40_0 .net *"_s0", 0 0, L_0x555e74a27040;  1 drivers
v0x555e74a18f00_0 .net *"_s10", 0 0, L_0x555e74a27510;  1 drivers
v0x555e74a18fe0_0 .net *"_s4", 0 0, L_0x555e74a27280;  1 drivers
v0x555e74a19110_0 .net *"_s6", 0 0, L_0x555e74a27390;  1 drivers
v0x555e74a191f0_0 .net *"_s8", 0 0, L_0x555e74a27400;  1 drivers
v0x555e74a192d0_0 .net "carry", 0 0, L_0x555e74a275c0;  alias, 1 drivers
v0x555e74a19390_0 .net "cin", 0 0, L_0x555e74a26660;  alias, 1 drivers
v0x555e74a194c0_0 .net "sum", 0 0, L_0x555e74a270b0;  1 drivers
S_0x555e74a19620 .scope module, "fa1" "fulladder" 9 9, 10 1 0, S_0x555e74a187e0;
 .timescale 0 0;
    .port_info 0 /INPUT 1 "A"
    .port_info 1 /INPUT 1 "B"
    .port_info 2 /INPUT 1 "cin"
    .port_info 3 /OUTPUT 1 "sum"
    .port_info 4 /OUTPUT 1 "carry"
L_0x555e74a278a0 .functor XOR 1, L_0x555e74a27dc0, L_0x555e74a27ef0, C4<0>, C4<0>;
L_0x555e74a27910 .functor XOR 1, L_0x555e74a278a0, L_0x555e74a275c0, C4<0>, C4<0>;
L_0x555e74a27a10 .functor AND 1, L_0x555e74a27dc0, L_0x555e74a27ef0, C4<1>, C4<1>;
L_0x555e74a27a80 .functor AND 1, L_0x555e74a27ef0, L_0x555e74a275c0, C4<1>, C4<1>;
L_0x555e74a27af0 .functor OR 1, L_0x555e74a27a10, L_0x555e74a27a80, C4<0>, C4<0>;
L_0x555e74a27c00 .functor AND 1, L_0x555e74a275c0, L_0x555e74a27dc0, C4<1>, C4<1>;
L_0x555e74a27cb0 .functor OR 1, L_0x555e74a27af0, L_0x555e74a27c00, C4<0>, C4<0>;
v0x555e74a19840_0 .net "A", 0 0, L_0x555e74a27dc0;  1 drivers
v0x555e74a19900_0 .net "B", 0 0, L_0x555e74a27ef0;  1 drivers
v0x555e74a199c0_0 .net *"_s0", 0 0, L_0x555e74a278a0;  1 drivers
v0x555e74a19a80_0 .net *"_s10", 0 0, L_0x555e74a27c00;  1 drivers
v0x555e74a19b60_0 .net *"_s4", 0 0, L_0x555e74a27a10;  1 drivers
v0x555e74a19c90_0 .net *"_s6", 0 0, L_0x555e74a27a80;  1 drivers
v0x555e74a19d70_0 .net *"_s8", 0 0, L_0x555e74a27af0;  1 drivers
v0x555e74a19e50_0 .net "carry", 0 0, L_0x555e74a27cb0;  alias, 1 drivers
v0x555e74a19f10_0 .net "cin", 0 0, L_0x555e74a275c0;  alias, 1 drivers
v0x555e74a1a040_0 .net "sum", 0 0, L_0x555e74a27910;  1 drivers
S_0x555e74a1a180 .scope module, "fa2" "fulladder" 9 10, 10 1 0, S_0x555e74a187e0;
 .timescale 0 0;
    .port_info 0 /INPUT 1 "A"
    .port_info 1 /INPUT 1 "B"
    .port_info 2 /INPUT 1 "cin"
    .port_info 3 /OUTPUT 1 "sum"
    .port_info 4 /OUTPUT 1 "carry"
L_0x555e74a28020 .functor XOR 1, L_0x555e74a28610, L_0x555e74a28740, C4<0>, C4<0>;
L_0x555e74a28090 .functor XOR 1, L_0x555e74a28020, L_0x555e74a27cb0, C4<0>, C4<0>;
L_0x555e74a281e0 .functor AND 1, L_0x555e74a28610, L_0x555e74a28740, C4<1>, C4<1>;
L_0x555e74a282a0 .functor AND 1, L_0x555e74a28740, L_0x555e74a27cb0, C4<1>, C4<1>;
L_0x555e74a28340 .functor OR 1, L_0x555e74a281e0, L_0x555e74a282a0, C4<0>, C4<0>;
L_0x555e74a28450 .functor AND 1, L_0x555e74a27cb0, L_0x555e74a28610, C4<1>, C4<1>;
L_0x555e74a28500 .functor OR 1, L_0x555e74a28340, L_0x555e74a28450, C4<0>, C4<0>;
v0x555e74a1a3b0_0 .net "A", 0 0, L_0x555e74a28610;  1 drivers
v0x555e74a1a470_0 .net "B", 0 0, L_0x555e74a28740;  1 drivers
v0x555e74a1a530_0 .net *"_s0", 0 0, L_0x555e74a28020;  1 drivers
v0x555e74a1a620_0 .net *"_s10", 0 0, L_0x555e74a28450;  1 drivers
v0x555e74a1a700_0 .net *"_s4", 0 0, L_0x555e74a281e0;  1 drivers
v0x555e74a1a830_0 .net *"_s6", 0 0, L_0x555e74a282a0;  1 drivers
v0x555e74a1a910_0 .net *"_s8", 0 0, L_0x555e74a28340;  1 drivers
v0x555e74a1a9f0_0 .net "carry", 0 0, L_0x555e74a28500;  alias, 1 drivers
v0x555e74a1aab0_0 .net "cin", 0 0, L_0x555e74a27cb0;  alias, 1 drivers
v0x555e74a1abe0_0 .net "sum", 0 0, L_0x555e74a28090;  1 drivers
S_0x555e74a1ad50 .scope module, "fa3" "fulladder" 9 11, 10 1 0, S_0x555e74a187e0;
 .timescale 0 0;
    .port_info 0 /INPUT 1 "A"
    .port_info 1 /INPUT 1 "B"
    .port_info 2 /INPUT 1 "cin"
    .port_info 3 /OUTPUT 1 "sum"
    .port_info 4 /OUTPUT 1 "carry"
L_0x555e74a288b0 .functor XOR 1, L_0x555e74a28dd0, L_0x555e74a28f90, C4<0>, C4<0>;
L_0x555e74a28920 .functor XOR 1, L_0x555e74a288b0, L_0x555e74a28500, C4<0>, C4<0>;
L_0x555e74a28a20 .functor AND 1, L_0x555e74a28dd0, L_0x555e74a28f90, C4<1>, C4<1>;
L_0x555e74a28a90 .functor AND 1, L_0x555e74a28f90, L_0x555e74a28500, C4<1>, C4<1>;
L_0x555e74a28b00 .functor OR 1, L_0x555e74a28a20, L_0x555e74a28a90, C4<0>, C4<0>;
L_0x555e74a28c10 .functor AND 1, L_0x555e74a28500, L_0x555e74a28dd0, C4<1>, C4<1>;
L_0x555e74a28cc0 .functor OR 1, L_0x555e74a28b00, L_0x555e74a28c10, C4<0>, C4<0>;
v0x555e74a1af50_0 .net "A", 0 0, L_0x555e74a28dd0;  1 drivers
v0x555e74a1b030_0 .net "B", 0 0, L_0x555e74a28f90;  1 drivers
v0x555e74a1b0f0_0 .net *"_s0", 0 0, L_0x555e74a288b0;  1 drivers
v0x555e74a1b1e0_0 .net *"_s10", 0 0, L_0x555e74a28c10;  1 drivers
v0x555e74a1b2c0_0 .net *"_s4", 0 0, L_0x555e74a28a20;  1 drivers
v0x555e74a1b3f0_0 .net *"_s6", 0 0, L_0x555e74a28a90;  1 drivers
v0x555e74a1b4d0_0 .net *"_s8", 0 0, L_0x555e74a28b00;  1 drivers
v0x555e74a1b5b0_0 .net "carry", 0 0, L_0x555e74a28cc0;  alias, 1 drivers
v0x555e74a1b670_0 .net "cin", 0 0, L_0x555e74a28500;  alias, 1 drivers
v0x555e74a1b7a0_0 .net "sum", 0 0, L_0x555e74a28920;  1 drivers
S_0x555e74a1c0b0 .scope module, "fa11" "fourbitadder" 8 9, 9 2 0, S_0x555e74a185c0;
 .timescale 0 0;
    .port_info 0 /INPUT 4 "A"
    .port_info 1 /INPUT 4 "B"
    .port_info 2 /INPUT 1 "cin"
    .port_info 3 /OUTPUT 4 "sum"
    .port_info 4 /OUTPUT 1 "carry"
v0x555e74a1f230_0 .net "A", 3 0, L_0x555e74a2b5d0;  1 drivers
v0x555e74a1f330_0 .net "B", 3 0, L_0x555e74a2b6c0;  1 drivers
v0x555e74a1f410_0 .net "carry", 0 0, L_0x555e74a2b050;  alias, 1 drivers
v0x555e74a1f4e0_0 .net "cin", 0 0, L_0x555e74a28cc0;  alias, 1 drivers
v0x555e74a1f580_0 .net "sum", 3 0, L_0x555e74a2b530;  1 drivers
v0x555e74a1f620_0 .net "w1", 0 0, L_0x555e74a298c0;  1 drivers
v0x555e74a1f710_0 .net "w2", 0 0, L_0x555e74a29fe0;  1 drivers
v0x555e74a1f800_0 .net "w3", 0 0, L_0x555e74a2a860;  1 drivers
L_0x555e74a299d0 .part L_0x555e74a2b5d0, 0, 1;
L_0x555e74a29a70 .part L_0x555e74a2b6c0, 0, 1;
L_0x555e74a2a0f0 .part L_0x555e74a2b5d0, 1, 1;
L_0x555e74a2a220 .part L_0x555e74a2b6c0, 1, 1;
L_0x555e74a2a970 .part L_0x555e74a2b5d0, 2, 1;
L_0x555e74a2aaa0 .part L_0x555e74a2b6c0, 2, 1;
L_0x555e74a2b160 .part L_0x555e74a2b5d0, 3, 1;
L_0x555e74a2b320 .part L_0x555e74a2b6c0, 3, 1;
L_0x555e74a2b530 .concat8 [ 1 1 1 1], L_0x555e74a293f0, L_0x555e74a29c10, L_0x555e74a2a3f0, L_0x555e74a2ac80;
S_0x555e74a1c320 .scope module, "fa0" "fulladder" 9 8, 10 1 0, S_0x555e74a1c0b0;
 .timescale 0 0;
    .port_info 0 /INPUT 1 "A"
    .port_info 1 /INPUT 1 "B"
    .port_info 2 /INPUT 1 "cin"
    .port_info 3 /OUTPUT 1 "sum"
    .port_info 4 /OUTPUT 1 "carry"
L_0x555e74a29380 .functor XOR 1, L_0x555e74a299d0, L_0x555e74a29a70, C4<0>, C4<0>;
L_0x555e74a293f0 .functor XOR 1, L_0x555e74a29380, L_0x555e74a28cc0, C4<0>, C4<0>;
L_0x555e74a294b0 .functor AND 1, L_0x555e74a299d0, L_0x555e74a29a70, C4<1>, C4<1>;
L_0x555e74a295c0 .functor AND 1, L_0x555e74a29a70, L_0x555e74a28cc0, C4<1>, C4<1>;
L_0x555e74a29630 .functor OR 1, L_0x555e74a294b0, L_0x555e74a295c0, C4<0>, C4<0>;
L_0x555e74a29740 .functor AND 1, L_0x555e74a28cc0, L_0x555e74a299d0, C4<1>, C4<1>;
L_0x555e74a298c0 .functor OR 1, L_0x555e74a29630, L_0x555e74a29740, C4<0>, C4<0>;
v0x555e74a1c570_0 .net "A", 0 0, L_0x555e74a299d0;  1 drivers
v0x555e74a1c650_0 .net "B", 0 0, L_0x555e74a29a70;  1 drivers
v0x555e74a1c710_0 .net *"_s0", 0 0, L_0x555e74a29380;  1 drivers
v0x555e74a1c7d0_0 .net *"_s10", 0 0, L_0x555e74a29740;  1 drivers
v0x555e74a1c8b0_0 .net *"_s4", 0 0, L_0x555e74a294b0;  1 drivers
v0x555e74a1c9e0_0 .net *"_s6", 0 0, L_0x555e74a295c0;  1 drivers
v0x555e74a1cac0_0 .net *"_s8", 0 0, L_0x555e74a29630;  1 drivers
v0x555e74a1cba0_0 .net "carry", 0 0, L_0x555e74a298c0;  alias, 1 drivers
v0x555e74a1cc60_0 .net "cin", 0 0, L_0x555e74a28cc0;  alias, 1 drivers
v0x555e74a1cd90_0 .net "sum", 0 0, L_0x555e74a293f0;  1 drivers
S_0x555e74a1cef0 .scope module, "fa1" "fulladder" 9 9, 10 1 0, S_0x555e74a1c0b0;
 .timescale 0 0;
    .port_info 0 /INPUT 1 "A"
    .port_info 1 /INPUT 1 "B"
    .port_info 2 /INPUT 1 "cin"
    .port_info 3 /OUTPUT 1 "sum"
    .port_info 4 /OUTPUT 1 "carry"
L_0x555e74a29ba0 .functor XOR 1, L_0x555e74a2a0f0, L_0x555e74a2a220, C4<0>, C4<0>;
L_0x555e74a29c10 .functor XOR 1, L_0x555e74a29ba0, L_0x555e74a298c0, C4<0>, C4<0>;
L_0x555e74a29d10 .functor AND 1, L_0x555e74a2a0f0, L_0x555e74a2a220, C4<1>, C4<1>;
L_0x555e74a29d80 .functor AND 1, L_0x555e74a2a220, L_0x555e74a298c0, C4<1>, C4<1>;
L_0x555e74a29e20 .functor OR 1, L_0x555e74a29d10, L_0x555e74a29d80, C4<0>, C4<0>;
L_0x555e74a29f30 .functor AND 1, L_0x555e74a298c0, L_0x555e74a2a0f0, C4<1>, C4<1>;
L_0x555e74a29fe0 .functor OR 1, L_0x555e74a29e20, L_0x555e74a29f30, C4<0>, C4<0>;
v0x555e74a1d160_0 .net "A", 0 0, L_0x555e74a2a0f0;  1 drivers
v0x555e74a1d220_0 .net "B", 0 0, L_0x555e74a2a220;  1 drivers
v0x555e74a1d2e0_0 .net *"_s0", 0 0, L_0x555e74a29ba0;  1 drivers
v0x555e74a1d3a0_0 .net *"_s10", 0 0, L_0x555e74a29f30;  1 drivers
v0x555e74a1d480_0 .net *"_s4", 0 0, L_0x555e74a29d10;  1 drivers
v0x555e74a1d5b0_0 .net *"_s6", 0 0, L_0x555e74a29d80;  1 drivers
v0x555e74a1d690_0 .net *"_s8", 0 0, L_0x555e74a29e20;  1 drivers
v0x555e74a1d770_0 .net "carry", 0 0, L_0x555e74a29fe0;  alias, 1 drivers
v0x555e74a1d830_0 .net "cin", 0 0, L_0x555e74a298c0;  alias, 1 drivers
v0x555e74a1d960_0 .net "sum", 0 0, L_0x555e74a29c10;  1 drivers
S_0x555e74a1daa0 .scope module, "fa2" "fulladder" 9 10, 10 1 0, S_0x555e74a1c0b0;
 .timescale 0 0;
    .port_info 0 /INPUT 1 "A"
    .port_info 1 /INPUT 1 "B"
    .port_info 2 /INPUT 1 "cin"
    .port_info 3 /OUTPUT 1 "sum"
    .port_info 4 /OUTPUT 1 "carry"
L_0x555e74a2a380 .functor XOR 1, L_0x555e74a2a970, L_0x555e74a2aaa0, C4<0>, C4<0>;
L_0x555e74a2a3f0 .functor XOR 1, L_0x555e74a2a380, L_0x555e74a29fe0, C4<0>, C4<0>;
L_0x555e74a2a540 .functor AND 1, L_0x555e74a2a970, L_0x555e74a2aaa0, C4<1>, C4<1>;
L_0x555e74a2a600 .functor AND 1, L_0x555e74a2aaa0, L_0x555e74a29fe0, C4<1>, C4<1>;
L_0x555e74a2a6a0 .functor OR 1, L_0x555e74a2a540, L_0x555e74a2a600, C4<0>, C4<0>;
L_0x555e74a2a7b0 .functor AND 1, L_0x555e74a29fe0, L_0x555e74a2a970, C4<1>, C4<1>;
L_0x555e74a2a860 .functor OR 1, L_0x555e74a2a6a0, L_0x555e74a2a7b0, C4<0>, C4<0>;
v0x555e74a1dcd0_0 .net "A", 0 0, L_0x555e74a2a970;  1 drivers
v0x555e74a1dd90_0 .net "B", 0 0, L_0x555e74a2aaa0;  1 drivers
v0x555e74a1de50_0 .net *"_s0", 0 0, L_0x555e74a2a380;  1 drivers
v0x555e74a1df40_0 .net *"_s10", 0 0, L_0x555e74a2a7b0;  1 drivers
v0x555e74a1e020_0 .net *"_s4", 0 0, L_0x555e74a2a540;  1 drivers
v0x555e74a1e150_0 .net *"_s6", 0 0, L_0x555e74a2a600;  1 drivers
v0x555e74a1e230_0 .net *"_s8", 0 0, L_0x555e74a2a6a0;  1 drivers
v0x555e74a1e310_0 .net "carry", 0 0, L_0x555e74a2a860;  alias, 1 drivers
v0x555e74a1e3d0_0 .net "cin", 0 0, L_0x555e74a29fe0;  alias, 1 drivers
v0x555e74a1e500_0 .net "sum", 0 0, L_0x555e74a2a3f0;  1 drivers
S_0x555e74a1e670 .scope module, "fa3" "fulladder" 9 11, 10 1 0, S_0x555e74a1c0b0;
 .timescale 0 0;
    .port_info 0 /INPUT 1 "A"
    .port_info 1 /INPUT 1 "B"
    .port_info 2 /INPUT 1 "cin"
    .port_info 3 /OUTPUT 1 "sum"
    .port_info 4 /OUTPUT 1 "carry"
L_0x555e74a2ac10 .functor XOR 1, L_0x555e74a2b160, L_0x555e74a2b320, C4<0>, C4<0>;
L_0x555e74a2ac80 .functor XOR 1, L_0x555e74a2ac10, L_0x555e74a2a860, C4<0>, C4<0>;
L_0x555e74a2ad80 .functor AND 1, L_0x555e74a2b160, L_0x555e74a2b320, C4<1>, C4<1>;
L_0x555e74a2adf0 .functor AND 1, L_0x555e74a2b320, L_0x555e74a2a860, C4<1>, C4<1>;
L_0x555e74a2ae90 .functor OR 1, L_0x555e74a2ad80, L_0x555e74a2adf0, C4<0>, C4<0>;
L_0x555e74a2afa0 .functor AND 1, L_0x555e74a2a860, L_0x555e74a2b160, C4<1>, C4<1>;
L_0x555e74a2b050 .functor OR 1, L_0x555e74a2ae90, L_0x555e74a2afa0, C4<0>, C4<0>;
v0x555e74a1e870_0 .net "A", 0 0, L_0x555e74a2b160;  1 drivers
v0x555e74a1e950_0 .net "B", 0 0, L_0x555e74a2b320;  1 drivers
v0x555e74a1ea10_0 .net *"_s0", 0 0, L_0x555e74a2ac10;  1 drivers
v0x555e74a1eb00_0 .net *"_s10", 0 0, L_0x555e74a2afa0;  1 drivers
v0x555e74a1ebe0_0 .net *"_s4", 0 0, L_0x555e74a2ad80;  1 drivers
v0x555e74a1ed10_0 .net *"_s6", 0 0, L_0x555e74a2adf0;  1 drivers
v0x555e74a1edf0_0 .net *"_s8", 0 0, L_0x555e74a2ae90;  1 drivers
v0x555e74a1eed0_0 .net "carry", 0 0, L_0x555e74a2b050;  alias, 1 drivers
v0x555e74a1ef90_0 .net "cin", 0 0, L_0x555e74a2a860;  alias, 1 drivers
v0x555e74a1f0c0_0 .net "sum", 0 0, L_0x555e74a2ac80;  1 drivers
    .scope S_0x555e749f2490;
T_0 ;
    %wait E_0x555e74990530;
    %vpi_call 3 25 "$display", "o0 =%b,o1 =%b, o2=%b, o3=%b, o4=%b, o5=%b, o6=%b, o7=%b", v0x555e74a20fd0_0, v0x555e74a21120_0, v0x555e74a21230_0, v0x555e74a21340_0, v0x555e74a21450_0, v0x555e74a21560_0, v0x555e74a21670_0, v0x555e74a21780_0 {0 0 0};
    %jmp T_0;
    .thread T_0, $push;
    .scope S_0x555e749f0e10;
T_1 ;
    %delay 0, 0;
    %pushi/vec4 0, 0, 3;
    %store/vec4 v0x555e74a21c30_0, 0, 3;
    %pushi/vec4 0, 0, 16;
    %store/vec4 v0x555e74a219f0_0, 0, 16;
    %pushi/vec4 65535, 0, 16;
    %store/vec4 v0x555e74a21ad0_0, 0, 16;
    %delay 5, 0;
    %pushi/vec4 1, 0, 3;
    %store/vec4 v0x555e74a21c30_0, 0, 3;
    %delay 10, 0;
    %pushi/vec4 2, 0, 3;
    %store/vec4 v0x555e74a21c30_0, 0, 3;
    %delay 15, 0;
    %pushi/vec4 3, 0, 3;
    %store/vec4 v0x555e74a21c30_0, 0, 3;
    %end;
    .thread T_1;
    .scope S_0x555e749f0e10;
T_2 ;
    %vpi_call 2 18 "$monitor", $time, "sel=%b a=%5b b=%5b out=%5b ", v0x555e74a21c30_0, v0x555e74a219f0_0, v0x555e74a21ad0_0, v0x555e74a21b90_0 {0 0 0};
    %end;
    .thread T_2;
# The file index is used to find the file name in the following table.
:file_names 11;
    "N/A";
    "<interactive>";
    "lab3_tb.v";
    "./lab3.v";
    "./mux_8_1.v";
    "./mux.v";
    "./2scomp.v";
    "./16bit_FA.v";
    "./8bit_FA.v";
    "./4bit_FA.v";
    "./fulladder.v";
