#! /usr/bin/vvp
:ivl_version "10.1 (stable)";
:ivl_delay_selection "TYPICAL";
:vpi_time_precision + 0;
:vpi_module "system";
:vpi_module "vhdl_sys";
:vpi_module "v2005_math";
:vpi_module "va_math";
S_0x56317f1800d0 .scope module, "top111" "top111" 2 3;
 .timescale 0 0;
v0x56317f1a0eb0_0 .var "clk", 0 0;
v0x56317f1a0f70_0 .var "d_raddress", 14 0;
v0x56317f1a1010_0 .net "d_routput", 15 0, v0x56317f1a00e0_0;  1 drivers
v0x56317f1a10b0_0 .var "d_waddress", 14 0;
v0x56317f1a1180_0 .var "d_wdata", 15 0;
v0x56317f1a1220_0 .var "i_address", 14 0;
v0x56317f1a12f0_0 .var "i_en", 0 0;
v0x56317f1a13c0_0 .net "i_routput", 15 0, v0x56317f1a0970_0;  1 drivers
v0x56317f1a1490_0 .var "i_wdata", 15 0;
E_0x56317f0fd150/0 .event edge, v0x56317f1a08b0_0, v0x56317f1a0630_0, v0x56317f1a0bf0_0, v0x56317f1a0970_0;
E_0x56317f0fd150/1 .event edge, v0x56317f1a0000_0, v0x56317f1a0390_0, v0x56317f1a0470_0, v0x56317f1a00e0_0;
E_0x56317f0fd150 .event/or E_0x56317f0fd150/0, E_0x56317f0fd150/1;
S_0x56317f180250 .scope module, "c111" "cache" 2 13, 3 4 0, S_0x56317f1800d0;
 .timescale 0 0;
    .port_info 0 /INPUT 15 "i_address"
    .port_info 1 /INPUT 1 "i_en"
    .port_info 2 /INPUT 16 "i_wdata"
    .port_info 3 /OUTPUT 16 "i_routput"
    .port_info 4 /INPUT 15 "d_raddress"
    .port_info 5 /INPUT 15 "d_waddress"
    .port_info 6 /INPUT 16 "d_wdata"
    .port_info 7 /INPUT 1 "clk"
    .port_info 8 /OUTPUT 16 "d_routput"
v0x56317f17e270_0 .net "clk", 0 0, v0x56317f1a0eb0_0;  1 drivers
v0x56317f19fe80 .array "d_cache", 0 15, 2047 0;
v0x56317f19ff40_0 .var "d_dirty", 2048 0;
v0x56317f1a0000_0 .net "d_raddress", 14 0, v0x56317f1a0f70_0;  1 drivers
v0x56317f1a00e0_0 .var "d_routput", 15 0;
v0x56317f1a0210 .array "d_tag", 0 2047, 0 0;
v0x56317f1a02b0_0 .var "d_valid", 2048 0;
v0x56317f1a0390_0 .net "d_waddress", 14 0, v0x56317f1a10b0_0;  1 drivers
v0x56317f1a0470_0 .net "d_wdata", 15 0, v0x56317f1a1180_0;  1 drivers
v0x56317f1a0550_0 .var/i "i", 31 0;
v0x56317f1a0630_0 .net "i_address", 14 0, v0x56317f1a1220_0;  1 drivers
v0x56317f1a0710 .array "i_cache", 15 0, 1023 0;
v0x56317f1a07d0_0 .var "i_dirty", 1023 0;
v0x56317f1a08b0_0 .net "i_en", 0 0, v0x56317f1a12f0_0;  1 drivers
v0x56317f1a0970_0 .var "i_routput", 15 0;
v0x56317f1a0a50 .array "i_tag", 0 1023, 1 0;
v0x56317f1a0b10_0 .var "i_valid", 1023 0;
v0x56317f1a0bf0_0 .net "i_wdata", 15 0, v0x56317f1a1490_0;  1 drivers
v0x56317f1a0cd0 .array "mm", 0 15, 4095 0;
E_0x56317f0fd490 .event posedge, v0x56317f17e270_0;
    .scope S_0x56317f180250;
T_0 ;
    %pushi/vec4 0, 0, 32;
    %store/vec4 v0x56317f1a0550_0, 0, 32;
T_0.0 ;
    %load/vec4 v0x56317f1a0550_0;
    %cmpi/s 2048, 0, 32;
    %jmp/0xz T_0.1, 5;
    %pushi/vec4 0, 0, 1;
    %ix/load 5, 0, 0;
    %ix/getv/s 4, v0x56317f1a0550_0;
    %assign/vec4/off/d v0x56317f1a0b10_0, 4, 5;
    %pushi/vec4 0, 0, 1;
    %ix/getv/s 4, v0x56317f1a0550_0;
    %store/vec4 v0x56317f1a07d0_0, 4, 1;
    %load/vec4 v0x56317f1a0550_0;
    %addi 1, 0, 32;
    %store/vec4 v0x56317f1a0550_0, 0, 32;
    %jmp T_0.0;
T_0.1 ;
    %end;
    .thread T_0;
    .scope S_0x56317f180250;
T_1 ;
    %pushi/vec4 0, 0, 32;
    %store/vec4 v0x56317f1a0550_0, 0, 32;
T_1.0 ;
    %load/vec4 v0x56317f1a0550_0;
    %cmpi/s 1024, 0, 32;
    %jmp/0xz T_1.1, 5;
    %pushi/vec4 0, 0, 1;
    %ix/load 5, 0, 0;
    %ix/getv/s 4, v0x56317f1a0550_0;
    %assign/vec4/off/d v0x56317f1a02b0_0, 4, 5;
    %pushi/vec4 0, 0, 1;
    %ix/getv/s 4, v0x56317f1a0550_0;
    %store/vec4 v0x56317f19ff40_0, 4, 1;
    %load/vec4 v0x56317f1a0550_0;
    %addi 1, 0, 32;
    %store/vec4 v0x56317f1a0550_0, 0, 32;
    %jmp T_1.0;
T_1.1 ;
    %end;
    .thread T_1;
    .scope S_0x56317f180250;
T_2 ;
    %pushi/vec4 0, 0, 32;
    %store/vec4 v0x56317f1a0550_0, 0, 32;
T_2.0 ;
    %load/vec4 v0x56317f1a0550_0;
    %cmpi/s 1024, 0, 32;
    %jmp/0xz T_2.1, 5;
    %pushi/vec4 0, 0, 2;
    %ix/getv/s 3, v0x56317f1a0550_0;
    %ix/load 4, 0, 0; Constant delay
    %assign/vec4/a/d v0x56317f1a0a50, 0, 4;
    %load/vec4 v0x56317f1a0550_0;
    %addi 1, 0, 32;
    %store/vec4 v0x56317f1a0550_0, 0, 32;
    %jmp T_2.0;
T_2.1 ;
    %end;
    .thread T_2;
    .scope S_0x56317f180250;
T_3 ;
    %pushi/vec4 0, 0, 32;
    %store/vec4 v0x56317f1a0550_0, 0, 32;
T_3.0 ;
    %load/vec4 v0x56317f1a0550_0;
    %cmpi/s 2048, 0, 32;
    %jmp/0xz T_3.1, 5;
    %pushi/vec4 0, 0, 1;
    %ix/getv/s 3, v0x56317f1a0550_0;
    %ix/load 4, 0, 0; Constant delay
    %assign/vec4/a/d v0x56317f1a0210, 0, 4;
    %load/vec4 v0x56317f1a0550_0;
    %addi 1, 0, 32;
    %store/vec4 v0x56317f1a0550_0, 0, 32;
    %jmp T_3.0;
T_3.1 ;
    %end;
    .thread T_3;
    .scope S_0x56317f180250;
T_4 ;
    %wait E_0x56317f0fd490;
    %load/vec4 v0x56317f1a0630_0;
    %parti/s 2, 13, 5;
    %load/vec4 v0x56317f1a0630_0;
    %parti/s 10, 3, 3;
    %pad/u 12;
    %ix/vec4 4;
    %load/vec4a v0x56317f1a0a50, 4;
    %cmp/e;
    %flag_get/vec4 4;
    %load/vec4 v0x56317f1a08b0_0;
    %pushi/vec4 1, 0, 1;
    %cmp/e;
    %flag_get/vec4 4;
    %and;
    %load/vec4 v0x56317f1a07d0_0;
    %load/vec4 v0x56317f1a0630_0;
    %parti/s 10, 3, 3;
    %part/u 1;
    %pushi/vec4 0, 0, 1;
    %cmp/e;
    %flag_get/vec4 4;
    %and;
    %flag_set/vec4 8;
    %jmp/0xz  T_4.0, 8;
    %load/vec4 v0x56317f1a0630_0;
    %parti/s 3, 0, 2;
    %cmpi/e 0, 0, 3;
    %jmp/0xz  T_4.2, 4;
    %load/vec4 v0x56317f1a0bf0_0;
    %load/vec4 v0x56317f1a0630_0;
    %parti/s 10, 3, 3;
    %ix/vec4 4;
    %flag_mov 8, 4;
    %ix/load 5, 0, 0;
    %flag_set/imm 4, 0;
    %flag_or 4, 8;
    %store/vec4a v0x56317f1a0710, 4, 5;
T_4.2 ;
    %load/vec4 v0x56317f1a0630_0;
    %parti/s 3, 0, 2;
    %cmpi/e 1, 0, 3;
    %jmp/0xz  T_4.4, 4;
    %load/vec4 v0x56317f1a0bf0_0;
    %load/vec4 v0x56317f1a0630_0;
    %parti/s 10, 3, 3;
    %ix/vec4 4;
    %flag_mov 8, 4;
    %ix/load 5, 16, 0;
    %flag_set/imm 4, 0;
    %flag_or 4, 8;
    %store/vec4a v0x56317f1a0710, 4, 5;
T_4.4 ;
    %load/vec4 v0x56317f1a0630_0;
    %parti/s 3, 0, 2;
    %cmpi/e 2, 0, 3;
    %jmp/0xz  T_4.6, 4;
    %load/vec4 v0x56317f1a0bf0_0;
    %load/vec4 v0x56317f1a0630_0;
    %parti/s 10, 3, 3;
    %ix/vec4 4;
    %flag_mov 8, 4;
    %ix/load 5, 32, 0;
    %flag_set/imm 4, 0;
    %flag_or 4, 8;
    %store/vec4a v0x56317f1a0710, 4, 5;
T_4.6 ;
    %load/vec4 v0x56317f1a0630_0;
    %parti/s 3, 0, 2;
    %cmpi/e 3, 0, 3;
    %jmp/0xz  T_4.8, 4;
    %load/vec4 v0x56317f1a0bf0_0;
    %load/vec4 v0x56317f1a0630_0;
    %parti/s 10, 3, 3;
    %ix/vec4 4;
    %flag_mov 8, 4;
    %ix/load 5, 48, 0;
    %flag_set/imm 4, 0;
    %flag_or 4, 8;
    %store/vec4a v0x56317f1a0710, 4, 5;
T_4.8 ;
    %load/vec4 v0x56317f1a0630_0;
    %parti/s 3, 0, 2;
    %cmpi/e 4, 0, 3;
    %jmp/0xz  T_4.10, 4;
    %load/vec4 v0x56317f1a0bf0_0;
    %load/vec4 v0x56317f1a0630_0;
    %parti/s 10, 3, 3;
    %ix/vec4 4;
    %flag_mov 8, 4;
    %ix/load 5, 64, 0;
    %flag_set/imm 4, 0;
    %flag_or 4, 8;
    %store/vec4a v0x56317f1a0710, 4, 5;
T_4.10 ;
    %load/vec4 v0x56317f1a0630_0;
    %parti/s 3, 0, 2;
    %cmpi/e 5, 0, 3;
    %jmp/0xz  T_4.12, 4;
    %load/vec4 v0x56317f1a0bf0_0;
    %load/vec4 v0x56317f1a0630_0;
    %parti/s 10, 3, 3;
    %ix/vec4 4;
    %flag_mov 8, 4;
    %ix/load 5, 80, 0;
    %flag_set/imm 4, 0;
    %flag_or 4, 8;
    %store/vec4a v0x56317f1a0710, 4, 5;
T_4.12 ;
    %load/vec4 v0x56317f1a0630_0;
    %parti/s 3, 0, 2;
    %cmpi/e 6, 0, 3;
    %jmp/0xz  T_4.14, 4;
    %load/vec4 v0x56317f1a0bf0_0;
    %load/vec4 v0x56317f1a0630_0;
    %parti/s 10, 3, 3;
    %ix/vec4 4;
    %flag_mov 8, 4;
    %ix/load 5, 96, 0;
    %flag_set/imm 4, 0;
    %flag_or 4, 8;
    %store/vec4a v0x56317f1a0710, 4, 5;
T_4.14 ;
    %load/vec4 v0x56317f1a0630_0;
    %parti/s 3, 0, 2;
    %cmpi/e 7, 0, 3;
    %jmp/0xz  T_4.16, 4;
    %load/vec4 v0x56317f1a0bf0_0;
    %load/vec4 v0x56317f1a0630_0;
    %parti/s 10, 3, 3;
    %ix/vec4 4;
    %flag_mov 8, 4;
    %ix/load 5, 112, 0;
    %flag_set/imm 4, 0;
    %flag_or 4, 8;
    %store/vec4a v0x56317f1a0710, 4, 5;
T_4.16 ;
    %pushi/vec4 1, 0, 1;
    %load/vec4 v0x56317f1a0630_0;
    %parti/s 10, 3, 3;
    %ix/vec4 4;
    %store/vec4 v0x56317f1a07d0_0, 4, 1;
    %pushi/vec4 1, 0, 1;
    %load/vec4 v0x56317f1a0630_0;
    %parti/s 10, 3, 3;
    %ix/vec4 4;
    %store/vec4 v0x56317f1a0b10_0, 4, 1;
T_4.0 ;
    %load/vec4 v0x56317f1a0630_0;
    %parti/s 2, 13, 5;
    %load/vec4 v0x56317f1a0630_0;
    %parti/s 10, 3, 3;
    %pad/u 12;
    %ix/vec4 4;
    %load/vec4a v0x56317f1a0a50, 4;
    %cmp/e;
    %flag_get/vec4 4;
    %load/vec4 v0x56317f1a08b0_0;
    %pushi/vec4 1, 0, 1;
    %cmp/e;
    %flag_get/vec4 4;
    %and;
    %load/vec4 v0x56317f1a07d0_0;
    %load/vec4 v0x56317f1a0630_0;
    %parti/s 10, 3, 3;
    %part/u 1;
    %pushi/vec4 1, 0, 1;
    %cmp/e;
    %flag_get/vec4 4;
    %and;
    %flag_set/vec4 8;
    %jmp/0xz  T_4.18, 8;
    %load/vec4 v0x56317f1a0630_0;
    %parti/s 12, 3, 3;
    %ix/vec4 4;
    %load/vec4a v0x56317f1a0710, 4;
    %pad/u 4096;
    %load/vec4 v0x56317f1a0630_0;
    %parti/s 12, 3, 3;
    %ix/vec4 4;
    %store/vec4a v0x56317f1a0cd0, 4, 0;
    %load/vec4 v0x56317f1a0630_0;
    %parti/s 12, 3, 3;
    %ix/vec4 4;
    %load/vec4a v0x56317f1a0cd0, 4;
    %pad/u 1024;
    %load/vec4 v0x56317f1a0630_0;
    %parti/s 10, 3, 3;
    %ix/vec4 4;
    %store/vec4a v0x56317f1a0710, 4, 0;
    %pushi/vec4 0, 0, 1;
    %load/vec4 v0x56317f1a0630_0;
    %parti/s 10, 3, 3;
    %ix/vec4 4;
    %store/vec4 v0x56317f1a07d0_0, 4, 1;
    %load/vec4 v0x56317f1a0630_0;
    %parti/s 3, 0, 2;
    %cmpi/e 0, 0, 3;
    %jmp/0xz  T_4.20, 4;
    %load/vec4 v0x56317f1a0bf0_0;
    %load/vec4 v0x56317f1a0630_0;
    %parti/s 10, 3, 3;
    %ix/vec4 4;
    %flag_mov 8, 4;
    %ix/load 5, 0, 0;
    %flag_set/imm 4, 0;
    %flag_or 4, 8;
    %store/vec4a v0x56317f1a0710, 4, 5;
T_4.20 ;
    %load/vec4 v0x56317f1a0630_0;
    %parti/s 3, 0, 2;
    %cmpi/e 1, 0, 3;
    %jmp/0xz  T_4.22, 4;
    %load/vec4 v0x56317f1a0bf0_0;
    %load/vec4 v0x56317f1a0630_0;
    %parti/s 10, 3, 3;
    %ix/vec4 4;
    %flag_mov 8, 4;
    %ix/load 5, 16, 0;
    %flag_set/imm 4, 0;
    %flag_or 4, 8;
    %store/vec4a v0x56317f1a0710, 4, 5;
T_4.22 ;
    %load/vec4 v0x56317f1a0630_0;
    %parti/s 3, 0, 2;
    %cmpi/e 2, 0, 3;
    %jmp/0xz  T_4.24, 4;
    %load/vec4 v0x56317f1a0bf0_0;
    %load/vec4 v0x56317f1a0630_0;
    %parti/s 10, 3, 3;
    %ix/vec4 4;
    %flag_mov 8, 4;
    %ix/load 5, 32, 0;
    %flag_set/imm 4, 0;
    %flag_or 4, 8;
    %store/vec4a v0x56317f1a0710, 4, 5;
T_4.24 ;
    %load/vec4 v0x56317f1a0630_0;
    %parti/s 3, 0, 2;
    %cmpi/e 3, 0, 3;
    %jmp/0xz  T_4.26, 4;
    %load/vec4 v0x56317f1a0bf0_0;
    %load/vec4 v0x56317f1a0630_0;
    %parti/s 10, 3, 3;
    %ix/vec4 4;
    %flag_mov 8, 4;
    %ix/load 5, 48, 0;
    %flag_set/imm 4, 0;
    %flag_or 4, 8;
    %store/vec4a v0x56317f1a0710, 4, 5;
T_4.26 ;
    %load/vec4 v0x56317f1a0630_0;
    %parti/s 3, 0, 2;
    %cmpi/e 4, 0, 3;
    %jmp/0xz  T_4.28, 4;
    %load/vec4 v0x56317f1a0bf0_0;
    %load/vec4 v0x56317f1a0630_0;
    %parti/s 10, 3, 3;
    %ix/vec4 4;
    %flag_mov 8, 4;
    %ix/load 5, 64, 0;
    %flag_set/imm 4, 0;
    %flag_or 4, 8;
    %store/vec4a v0x56317f1a0710, 4, 5;
T_4.28 ;
    %load/vec4 v0x56317f1a0630_0;
    %parti/s 3, 0, 2;
    %cmpi/e 5, 0, 3;
    %jmp/0xz  T_4.30, 4;
    %load/vec4 v0x56317f1a0bf0_0;
    %load/vec4 v0x56317f1a0630_0;
    %parti/s 10, 3, 3;
    %ix/vec4 4;
    %flag_mov 8, 4;
    %ix/load 5, 80, 0;
    %flag_set/imm 4, 0;
    %flag_or 4, 8;
    %store/vec4a v0x56317f1a0710, 4, 5;
T_4.30 ;
    %load/vec4 v0x56317f1a0630_0;
    %parti/s 3, 0, 2;
    %cmpi/e 6, 0, 3;
    %jmp/0xz  T_4.32, 4;
    %load/vec4 v0x56317f1a0bf0_0;
    %load/vec4 v0x56317f1a0630_0;
    %parti/s 10, 3, 3;
    %ix/vec4 4;
    %flag_mov 8, 4;
    %ix/load 5, 96, 0;
    %flag_set/imm 4, 0;
    %flag_or 4, 8;
    %store/vec4a v0x56317f1a0710, 4, 5;
T_4.32 ;
    %load/vec4 v0x56317f1a0630_0;
    %parti/s 3, 0, 2;
    %cmpi/e 7, 0, 3;
    %jmp/0xz  T_4.34, 4;
    %load/vec4 v0x56317f1a0bf0_0;
    %load/vec4 v0x56317f1a0630_0;
    %parti/s 10, 3, 3;
    %ix/vec4 4;
    %flag_mov 8, 4;
    %ix/load 5, 112, 0;
    %flag_set/imm 4, 0;
    %flag_or 4, 8;
    %store/vec4a v0x56317f1a0710, 4, 5;
T_4.34 ;
    %pushi/vec4 1, 0, 1;
    %load/vec4 v0x56317f1a0630_0;
    %parti/s 10, 3, 3;
    %ix/vec4 4;
    %store/vec4 v0x56317f1a07d0_0, 4, 1;
    %pushi/vec4 1, 0, 1;
    %load/vec4 v0x56317f1a0630_0;
    %parti/s 10, 3, 3;
    %ix/vec4 4;
    %store/vec4 v0x56317f1a0b10_0, 4, 1;
T_4.18 ;
    %load/vec4 v0x56317f1a0630_0;
    %parti/s 2, 13, 5;
    %load/vec4 v0x56317f1a0630_0;
    %parti/s 10, 3, 3;
    %pad/u 12;
    %ix/vec4 4;
    %load/vec4a v0x56317f1a0a50, 4;
    %cmp/e;
    %flag_get/vec4 4;
    %inv;
    %load/vec4 v0x56317f1a08b0_0;
    %pushi/vec4 1, 0, 1;
    %cmp/e;
    %flag_get/vec4 4;
    %and;
    %flag_set/vec4 8;
    %jmp/0xz  T_4.36, 8;
    %load/vec4 v0x56317f1a0630_0;
    %parti/s 12, 3, 3;
    %ix/vec4 4;
    %load/vec4a v0x56317f1a0cd0, 4;
    %pad/u 1024;
    %load/vec4 v0x56317f1a0630_0;
    %parti/s 10, 3, 3;
    %ix/vec4 4;
    %store/vec4a v0x56317f1a0710, 4, 0;
    %load/vec4 v0x56317f1a0630_0;
    %parti/s 3, 0, 2;
    %cmpi/e 0, 0, 3;
    %jmp/0xz  T_4.38, 4;
    %load/vec4 v0x56317f1a0bf0_0;
    %load/vec4 v0x56317f1a0630_0;
    %parti/s 10, 3, 3;
    %ix/vec4 4;
    %flag_mov 8, 4;
    %ix/load 5, 0, 0;
    %flag_set/imm 4, 0;
    %flag_or 4, 8;
    %store/vec4a v0x56317f1a0710, 4, 5;
T_4.38 ;
    %load/vec4 v0x56317f1a0630_0;
    %parti/s 3, 0, 2;
    %cmpi/e 1, 0, 3;
    %jmp/0xz  T_4.40, 4;
    %load/vec4 v0x56317f1a0bf0_0;
    %load/vec4 v0x56317f1a0630_0;
    %parti/s 10, 3, 3;
    %ix/vec4 4;
    %flag_mov 8, 4;
    %ix/load 5, 16, 0;
    %flag_set/imm 4, 0;
    %flag_or 4, 8;
    %store/vec4a v0x56317f1a0710, 4, 5;
T_4.40 ;
    %load/vec4 v0x56317f1a0630_0;
    %parti/s 3, 0, 2;
    %cmpi/e 2, 0, 3;
    %jmp/0xz  T_4.42, 4;
    %load/vec4 v0x56317f1a0bf0_0;
    %load/vec4 v0x56317f1a0630_0;
    %parti/s 10, 3, 3;
    %ix/vec4 4;
    %flag_mov 8, 4;
    %ix/load 5, 32, 0;
    %flag_set/imm 4, 0;
    %flag_or 4, 8;
    %store/vec4a v0x56317f1a0710, 4, 5;
T_4.42 ;
    %load/vec4 v0x56317f1a0630_0;
    %parti/s 3, 0, 2;
    %cmpi/e 3, 0, 3;
    %jmp/0xz  T_4.44, 4;
    %load/vec4 v0x56317f1a0bf0_0;
    %load/vec4 v0x56317f1a0630_0;
    %parti/s 10, 3, 3;
    %ix/vec4 4;
    %flag_mov 8, 4;
    %ix/load 5, 48, 0;
    %flag_set/imm 4, 0;
    %flag_or 4, 8;
    %store/vec4a v0x56317f1a0710, 4, 5;
T_4.44 ;
    %load/vec4 v0x56317f1a0630_0;
    %parti/s 3, 0, 2;
    %cmpi/e 4, 0, 3;
    %jmp/0xz  T_4.46, 4;
    %load/vec4 v0x56317f1a0bf0_0;
    %load/vec4 v0x56317f1a0630_0;
    %parti/s 10, 3, 3;
    %ix/vec4 4;
    %flag_mov 8, 4;
    %ix/load 5, 64, 0;
    %flag_set/imm 4, 0;
    %flag_or 4, 8;
    %store/vec4a v0x56317f1a0710, 4, 5;
T_4.46 ;
    %load/vec4 v0x56317f1a0630_0;
    %parti/s 3, 0, 2;
    %cmpi/e 5, 0, 3;
    %jmp/0xz  T_4.48, 4;
    %load/vec4 v0x56317f1a0bf0_0;
    %load/vec4 v0x56317f1a0630_0;
    %parti/s 10, 3, 3;
    %ix/vec4 4;
    %flag_mov 8, 4;
    %ix/load 5, 80, 0;
    %flag_set/imm 4, 0;
    %flag_or 4, 8;
    %store/vec4a v0x56317f1a0710, 4, 5;
T_4.48 ;
    %load/vec4 v0x56317f1a0630_0;
    %parti/s 3, 0, 2;
    %cmpi/e 6, 0, 3;
    %jmp/0xz  T_4.50, 4;
    %load/vec4 v0x56317f1a0bf0_0;
    %load/vec4 v0x56317f1a0630_0;
    %parti/s 10, 3, 3;
    %ix/vec4 4;
    %flag_mov 8, 4;
    %ix/load 5, 96, 0;
    %flag_set/imm 4, 0;
    %flag_or 4, 8;
    %store/vec4a v0x56317f1a0710, 4, 5;
T_4.50 ;
    %load/vec4 v0x56317f1a0630_0;
    %parti/s 3, 0, 2;
    %cmpi/e 7, 0, 3;
    %jmp/0xz  T_4.52, 4;
    %load/vec4 v0x56317f1a0bf0_0;
    %load/vec4 v0x56317f1a0630_0;
    %parti/s 10, 3, 3;
    %ix/vec4 4;
    %flag_mov 8, 4;
    %ix/load 5, 112, 0;
    %flag_set/imm 4, 0;
    %flag_or 4, 8;
    %store/vec4a v0x56317f1a0710, 4, 5;
T_4.52 ;
    %pushi/vec4 1, 0, 1;
    %load/vec4 v0x56317f1a0630_0;
    %parti/s 10, 3, 3;
    %ix/vec4 4;
    %store/vec4 v0x56317f1a07d0_0, 4, 1;
    %pushi/vec4 1, 0, 1;
    %load/vec4 v0x56317f1a0630_0;
    %parti/s 10, 3, 3;
    %ix/vec4 4;
    %store/vec4 v0x56317f1a0b10_0, 4, 1;
T_4.36 ;
    %load/vec4 v0x56317f1a0630_0;
    %parti/s 2, 13, 5;
    %load/vec4 v0x56317f1a0630_0;
    %parti/s 10, 3, 3;
    %pad/u 12;
    %ix/vec4 4;
    %load/vec4a v0x56317f1a0a50, 4;
    %cmp/e;
    %flag_get/vec4 4;
    %load/vec4 v0x56317f1a08b0_0;
    %pushi/vec4 0, 0, 1;
    %cmp/e;
    %flag_get/vec4 4;
    %and;
    %load/vec4 v0x56317f1a0b10_0;
    %load/vec4 v0x56317f1a0630_0;
    %parti/s 10, 3, 3;
    %part/u 1;
    %pushi/vec4 1, 0, 1;
    %cmp/e;
    %flag_get/vec4 4;
    %and;
    %flag_set/vec4 8;
    %jmp/0xz  T_4.54, 8;
    %load/vec4 v0x56317f1a0630_0;
    %parti/s 3, 0, 2;
    %cmpi/e 0, 0, 3;
    %jmp/0xz  T_4.56, 4;
    %load/vec4 v0x56317f1a0630_0;
    %parti/s 10, 3, 3;
    %ix/vec4 4;
    %load/vec4a v0x56317f1a0710, 4;
    %parti/s 16, 0, 2;
    %store/vec4 v0x56317f1a0970_0, 0, 16;
T_4.56 ;
    %load/vec4 v0x56317f1a0630_0;
    %parti/s 3, 0, 2;
    %cmpi/e 1, 0, 3;
    %jmp/0xz  T_4.58, 4;
    %load/vec4 v0x56317f1a0630_0;
    %parti/s 10, 3, 3;
    %ix/vec4 4;
    %load/vec4a v0x56317f1a0710, 4;
    %parti/s 16, 16, 6;
    %store/vec4 v0x56317f1a0970_0, 0, 16;
T_4.58 ;
    %load/vec4 v0x56317f1a0630_0;
    %parti/s 3, 0, 2;
    %cmpi/e 2, 0, 3;
    %jmp/0xz  T_4.60, 4;
    %load/vec4 v0x56317f1a0630_0;
    %parti/s 10, 3, 3;
    %ix/vec4 4;
    %load/vec4a v0x56317f1a0710, 4;
    %parti/s 16, 32, 7;
    %store/vec4 v0x56317f1a0970_0, 0, 16;
T_4.60 ;
    %load/vec4 v0x56317f1a0630_0;
    %parti/s 3, 0, 2;
    %cmpi/e 3, 0, 3;
    %jmp/0xz  T_4.62, 4;
    %load/vec4 v0x56317f1a0630_0;
    %parti/s 10, 3, 3;
    %ix/vec4 4;
    %load/vec4a v0x56317f1a0710, 4;
    %parti/s 16, 48, 7;
    %store/vec4 v0x56317f1a0970_0, 0, 16;
T_4.62 ;
    %load/vec4 v0x56317f1a0630_0;
    %parti/s 3, 0, 2;
    %cmpi/e 4, 0, 3;
    %jmp/0xz  T_4.64, 4;
    %load/vec4 v0x56317f1a0630_0;
    %parti/s 10, 3, 3;
    %ix/vec4 4;
    %load/vec4a v0x56317f1a0710, 4;
    %parti/s 16, 64, 8;
    %store/vec4 v0x56317f1a0970_0, 0, 16;
T_4.64 ;
    %load/vec4 v0x56317f1a0630_0;
    %parti/s 3, 0, 2;
    %cmpi/e 5, 0, 3;
    %jmp/0xz  T_4.66, 4;
    %load/vec4 v0x56317f1a0630_0;
    %parti/s 10, 3, 3;
    %ix/vec4 4;
    %load/vec4a v0x56317f1a0710, 4;
    %parti/s 16, 80, 8;
    %store/vec4 v0x56317f1a0970_0, 0, 16;
T_4.66 ;
    %load/vec4 v0x56317f1a0630_0;
    %parti/s 3, 0, 2;
    %cmpi/e 6, 0, 3;
    %jmp/0xz  T_4.68, 4;
    %load/vec4 v0x56317f1a0630_0;
    %parti/s 10, 3, 3;
    %ix/vec4 4;
    %load/vec4a v0x56317f1a0710, 4;
    %parti/s 16, 96, 8;
    %store/vec4 v0x56317f1a0970_0, 0, 16;
T_4.68 ;
    %load/vec4 v0x56317f1a0630_0;
    %parti/s 3, 0, 2;
    %cmpi/e 7, 0, 3;
    %jmp/0xz  T_4.70, 4;
    %load/vec4 v0x56317f1a0630_0;
    %parti/s 10, 3, 3;
    %ix/vec4 4;
    %load/vec4a v0x56317f1a0710, 4;
    %parti/s 16, 112, 8;
    %store/vec4 v0x56317f1a0970_0, 0, 16;
T_4.70 ;
T_4.54 ;
    %load/vec4 v0x56317f1a0630_0;
    %parti/s 2, 13, 5;
    %load/vec4 v0x56317f1a0630_0;
    %parti/s 10, 3, 3;
    %pad/u 12;
    %ix/vec4 4;
    %load/vec4a v0x56317f1a0a50, 4;
    %cmp/e;
    %flag_get/vec4 4;
    %inv;
    %load/vec4 v0x56317f1a08b0_0;
    %pushi/vec4 0, 0, 1;
    %cmp/e;
    %flag_get/vec4 4;
    %and;
    %flag_set/vec4 8;
    %jmp/0xz  T_4.72, 8;
    %load/vec4 v0x56317f1a0630_0;
    %parti/s 12, 3, 3;
    %ix/vec4 4;
    %load/vec4a v0x56317f1a0cd0, 4;
    %pad/u 1024;
    %load/vec4 v0x56317f1a0630_0;
    %parti/s 10, 3, 3;
    %ix/vec4 4;
    %store/vec4a v0x56317f1a0710, 4, 0;
    %pushi/vec4 1, 0, 1;
    %load/vec4 v0x56317f1a0630_0;
    %parti/s 10, 3, 3;
    %ix/vec4 4;
    %store/vec4 v0x56317f1a0b10_0, 4, 1;
    %load/vec4 v0x56317f1a0630_0;
    %parti/s 3, 0, 2;
    %cmpi/e 0, 0, 3;
    %jmp/0xz  T_4.74, 4;
    %load/vec4 v0x56317f1a0630_0;
    %parti/s 10, 3, 3;
    %ix/vec4 4;
    %load/vec4a v0x56317f1a0710, 4;
    %parti/s 16, 0, 2;
    %store/vec4 v0x56317f1a0970_0, 0, 16;
T_4.74 ;
    %load/vec4 v0x56317f1a0630_0;
    %parti/s 3, 0, 2;
    %cmpi/e 1, 0, 3;
    %jmp/0xz  T_4.76, 4;
    %load/vec4 v0x56317f1a0630_0;
    %parti/s 10, 3, 3;
    %ix/vec4 4;
    %load/vec4a v0x56317f1a0710, 4;
    %parti/s 16, 16, 6;
    %store/vec4 v0x56317f1a0970_0, 0, 16;
T_4.76 ;
    %load/vec4 v0x56317f1a0630_0;
    %parti/s 3, 0, 2;
    %cmpi/e 2, 0, 3;
    %jmp/0xz  T_4.78, 4;
    %load/vec4 v0x56317f1a0630_0;
    %parti/s 10, 3, 3;
    %ix/vec4 4;
    %load/vec4a v0x56317f1a0710, 4;
    %parti/s 16, 32, 7;
    %store/vec4 v0x56317f1a0970_0, 0, 16;
T_4.78 ;
    %load/vec4 v0x56317f1a0630_0;
    %parti/s 3, 0, 2;
    %cmpi/e 3, 0, 3;
    %jmp/0xz  T_4.80, 4;
    %load/vec4 v0x56317f1a0630_0;
    %parti/s 10, 3, 3;
    %ix/vec4 4;
    %load/vec4a v0x56317f1a0710, 4;
    %parti/s 16, 48, 7;
    %store/vec4 v0x56317f1a0970_0, 0, 16;
T_4.80 ;
    %load/vec4 v0x56317f1a0630_0;
    %parti/s 3, 0, 2;
    %cmpi/e 4, 0, 3;
    %jmp/0xz  T_4.82, 4;
    %load/vec4 v0x56317f1a0630_0;
    %parti/s 10, 3, 3;
    %ix/vec4 4;
    %load/vec4a v0x56317f1a0710, 4;
    %parti/s 16, 64, 8;
    %store/vec4 v0x56317f1a0970_0, 0, 16;
T_4.82 ;
    %load/vec4 v0x56317f1a0630_0;
    %parti/s 3, 0, 2;
    %cmpi/e 5, 0, 3;
    %jmp/0xz  T_4.84, 4;
    %load/vec4 v0x56317f1a0630_0;
    %parti/s 10, 3, 3;
    %ix/vec4 4;
    %load/vec4a v0x56317f1a0710, 4;
    %parti/s 16, 80, 8;
    %store/vec4 v0x56317f1a0970_0, 0, 16;
T_4.84 ;
    %load/vec4 v0x56317f1a0630_0;
    %parti/s 3, 0, 2;
    %cmpi/e 6, 0, 3;
    %jmp/0xz  T_4.86, 4;
    %load/vec4 v0x56317f1a0630_0;
    %parti/s 10, 3, 3;
    %ix/vec4 4;
    %load/vec4a v0x56317f1a0710, 4;
    %parti/s 16, 96, 8;
    %store/vec4 v0x56317f1a0970_0, 0, 16;
T_4.86 ;
    %load/vec4 v0x56317f1a0630_0;
    %parti/s 3, 0, 2;
    %cmpi/e 7, 0, 3;
    %jmp/0xz  T_4.88, 4;
    %load/vec4 v0x56317f1a0630_0;
    %parti/s 10, 3, 3;
    %ix/vec4 4;
    %load/vec4a v0x56317f1a0710, 4;
    %parti/s 16, 112, 8;
    %store/vec4 v0x56317f1a0970_0, 0, 16;
T_4.88 ;
T_4.72 ;
    %load/vec4 v0x56317f1a0630_0;
    %parti/s 2, 13, 5;
    %load/vec4 v0x56317f1a0630_0;
    %parti/s 10, 3, 3;
    %pad/u 12;
    %ix/vec4 4;
    %load/vec4a v0x56317f1a0a50, 4;
    %cmp/e;
    %flag_get/vec4 4;
    %load/vec4 v0x56317f1a08b0_0;
    %pushi/vec4 0, 0, 1;
    %cmp/e;
    %flag_get/vec4 4;
    %and;
    %load/vec4 v0x56317f1a0b10_0;
    %load/vec4 v0x56317f1a0630_0;
    %parti/s 10, 3, 3;
    %part/u 1;
    %pushi/vec4 0, 0, 1;
    %cmp/e;
    %flag_get/vec4 4;
    %and;
    %flag_set/vec4 8;
    %jmp/0xz  T_4.90, 8;
    %load/vec4 v0x56317f1a0630_0;
    %parti/s 12, 3, 3;
    %ix/vec4 4;
    %load/vec4a v0x56317f1a0cd0, 4;
    %pad/u 1024;
    %load/vec4 v0x56317f1a0630_0;
    %parti/s 10, 3, 3;
    %ix/vec4 4;
    %store/vec4a v0x56317f1a0710, 4, 0;
    %pushi/vec4 1, 0, 1;
    %load/vec4 v0x56317f1a0630_0;
    %parti/s 10, 3, 3;
    %ix/vec4 4;
    %store/vec4 v0x56317f1a0b10_0, 4, 1;
    %load/vec4 v0x56317f1a0630_0;
    %parti/s 3, 0, 2;
    %cmpi/e 0, 0, 3;
    %jmp/0xz  T_4.92, 4;
    %load/vec4 v0x56317f1a0630_0;
    %parti/s 10, 3, 3;
    %ix/vec4 4;
    %load/vec4a v0x56317f1a0710, 4;
    %parti/s 16, 0, 2;
    %store/vec4 v0x56317f1a0970_0, 0, 16;
T_4.92 ;
    %load/vec4 v0x56317f1a0630_0;
    %parti/s 3, 0, 2;
    %cmpi/e 1, 0, 3;
    %jmp/0xz  T_4.94, 4;
    %load/vec4 v0x56317f1a0630_0;
    %parti/s 10, 3, 3;
    %ix/vec4 4;
    %load/vec4a v0x56317f1a0710, 4;
    %parti/s 16, 16, 6;
    %store/vec4 v0x56317f1a0970_0, 0, 16;
T_4.94 ;
    %load/vec4 v0x56317f1a0630_0;
    %parti/s 3, 0, 2;
    %cmpi/e 2, 0, 3;
    %jmp/0xz  T_4.96, 4;
    %load/vec4 v0x56317f1a0630_0;
    %parti/s 10, 3, 3;
    %ix/vec4 4;
    %load/vec4a v0x56317f1a0710, 4;
    %parti/s 16, 32, 7;
    %store/vec4 v0x56317f1a0970_0, 0, 16;
T_4.96 ;
    %load/vec4 v0x56317f1a0630_0;
    %parti/s 3, 0, 2;
    %cmpi/e 3, 0, 3;
    %jmp/0xz  T_4.98, 4;
    %load/vec4 v0x56317f1a0630_0;
    %parti/s 10, 3, 3;
    %ix/vec4 4;
    %load/vec4a v0x56317f1a0710, 4;
    %parti/s 16, 48, 7;
    %store/vec4 v0x56317f1a0970_0, 0, 16;
T_4.98 ;
    %load/vec4 v0x56317f1a0630_0;
    %parti/s 3, 0, 2;
    %cmpi/e 4, 0, 3;
    %jmp/0xz  T_4.100, 4;
    %load/vec4 v0x56317f1a0630_0;
    %parti/s 10, 3, 3;
    %ix/vec4 4;
    %load/vec4a v0x56317f1a0710, 4;
    %parti/s 16, 64, 8;
    %store/vec4 v0x56317f1a0970_0, 0, 16;
T_4.100 ;
    %load/vec4 v0x56317f1a0630_0;
    %parti/s 3, 0, 2;
    %cmpi/e 5, 0, 3;
    %jmp/0xz  T_4.102, 4;
    %load/vec4 v0x56317f1a0630_0;
    %parti/s 10, 3, 3;
    %ix/vec4 4;
    %load/vec4a v0x56317f1a0710, 4;
    %parti/s 16, 80, 8;
    %store/vec4 v0x56317f1a0970_0, 0, 16;
T_4.102 ;
    %load/vec4 v0x56317f1a0630_0;
    %parti/s 3, 0, 2;
    %cmpi/e 6, 0, 3;
    %jmp/0xz  T_4.104, 4;
    %load/vec4 v0x56317f1a0630_0;
    %parti/s 10, 3, 3;
    %ix/vec4 4;
    %load/vec4a v0x56317f1a0710, 4;
    %parti/s 16, 96, 8;
    %store/vec4 v0x56317f1a0970_0, 0, 16;
T_4.104 ;
    %load/vec4 v0x56317f1a0630_0;
    %parti/s 3, 0, 2;
    %cmpi/e 7, 0, 3;
    %jmp/0xz  T_4.106, 4;
    %load/vec4 v0x56317f1a0630_0;
    %parti/s 10, 3, 3;
    %ix/vec4 4;
    %load/vec4a v0x56317f1a0710, 4;
    %parti/s 16, 112, 8;
    %store/vec4 v0x56317f1a0970_0, 0, 16;
T_4.106 ;
T_4.90 ;
    %load/vec4 v0x56317f1a0390_0;
    %parti/s 1, 14, 5;
    %load/vec4 v0x56317f1a0390_0;
    %parti/s 11, 3, 3;
    %pad/u 13;
    %ix/vec4 4;
    %load/vec4a v0x56317f1a0210, 4;
    %cmp/e;
    %flag_get/vec4 4;
    %load/vec4 v0x56317f19ff40_0;
    %load/vec4 v0x56317f1a0390_0;
    %parti/s 11, 3, 3;
    %part/u 1;
    %pushi/vec4 0, 0, 1;
    %cmp/e;
    %flag_get/vec4 4;
    %and;
    %flag_set/vec4 8;
    %jmp/0xz  T_4.108, 8;
    %load/vec4 v0x56317f1a0390_0;
    %parti/s 3, 0, 2;
    %cmpi/e 0, 0, 3;
    %jmp/0xz  T_4.110, 4;
    %load/vec4 v0x56317f1a0470_0;
    %load/vec4 v0x56317f1a0390_0;
    %parti/s 11, 3, 3;
    %ix/vec4 4;
    %flag_mov 8, 4;
    %ix/load 5, 0, 0;
    %flag_set/imm 4, 0;
    %flag_or 4, 8;
    %store/vec4a v0x56317f19fe80, 4, 5;
T_4.110 ;
    %load/vec4 v0x56317f1a0390_0;
    %parti/s 3, 0, 2;
    %cmpi/e 1, 0, 3;
    %jmp/0xz  T_4.112, 4;
    %load/vec4 v0x56317f1a0470_0;
    %load/vec4 v0x56317f1a0390_0;
    %parti/s 11, 3, 3;
    %ix/vec4 4;
    %flag_mov 8, 4;
    %ix/load 5, 16, 0;
    %flag_set/imm 4, 0;
    %flag_or 4, 8;
    %store/vec4a v0x56317f19fe80, 4, 5;
T_4.112 ;
    %load/vec4 v0x56317f1a0390_0;
    %parti/s 3, 0, 2;
    %cmpi/e 2, 0, 3;
    %jmp/0xz  T_4.114, 4;
    %load/vec4 v0x56317f1a0470_0;
    %load/vec4 v0x56317f1a0390_0;
    %parti/s 11, 3, 3;
    %ix/vec4 4;
    %flag_mov 8, 4;
    %ix/load 5, 32, 0;
    %flag_set/imm 4, 0;
    %flag_or 4, 8;
    %store/vec4a v0x56317f19fe80, 4, 5;
T_4.114 ;
    %load/vec4 v0x56317f1a0390_0;
    %parti/s 3, 0, 2;
    %cmpi/e 3, 0, 3;
    %jmp/0xz  T_4.116, 4;
    %load/vec4 v0x56317f1a0470_0;
    %load/vec4 v0x56317f1a0390_0;
    %parti/s 11, 3, 3;
    %ix/vec4 4;
    %flag_mov 8, 4;
    %ix/load 5, 48, 0;
    %flag_set/imm 4, 0;
    %flag_or 4, 8;
    %store/vec4a v0x56317f19fe80, 4, 5;
T_4.116 ;
    %load/vec4 v0x56317f1a0390_0;
    %parti/s 3, 0, 2;
    %cmpi/e 4, 0, 3;
    %jmp/0xz  T_4.118, 4;
    %load/vec4 v0x56317f1a0470_0;
    %load/vec4 v0x56317f1a0390_0;
    %parti/s 11, 3, 3;
    %ix/vec4 4;
    %flag_mov 8, 4;
    %ix/load 5, 64, 0;
    %flag_set/imm 4, 0;
    %flag_or 4, 8;
    %store/vec4a v0x56317f19fe80, 4, 5;
T_4.118 ;
    %load/vec4 v0x56317f1a0390_0;
    %parti/s 3, 0, 2;
    %cmpi/e 5, 0, 3;
    %jmp/0xz  T_4.120, 4;
    %load/vec4 v0x56317f1a0470_0;
    %load/vec4 v0x56317f1a0390_0;
    %parti/s 11, 3, 3;
    %ix/vec4 4;
    %flag_mov 8, 4;
    %ix/load 5, 80, 0;
    %flag_set/imm 4, 0;
    %flag_or 4, 8;
    %store/vec4a v0x56317f19fe80, 4, 5;
T_4.120 ;
    %load/vec4 v0x56317f1a0390_0;
    %parti/s 3, 0, 2;
    %cmpi/e 6, 0, 3;
    %jmp/0xz  T_4.122, 4;
    %load/vec4 v0x56317f1a0470_0;
    %load/vec4 v0x56317f1a0390_0;
    %parti/s 11, 3, 3;
    %ix/vec4 4;
    %flag_mov 8, 4;
    %ix/load 5, 96, 0;
    %flag_set/imm 4, 0;
    %flag_or 4, 8;
    %store/vec4a v0x56317f19fe80, 4, 5;
T_4.122 ;
    %load/vec4 v0x56317f1a0390_0;
    %parti/s 3, 0, 2;
    %cmpi/e 7, 0, 3;
    %jmp/0xz  T_4.124, 4;
    %load/vec4 v0x56317f1a0470_0;
    %load/vec4 v0x56317f1a0390_0;
    %parti/s 11, 3, 3;
    %ix/vec4 4;
    %flag_mov 8, 4;
    %ix/load 5, 112, 0;
    %flag_set/imm 4, 0;
    %flag_or 4, 8;
    %store/vec4a v0x56317f19fe80, 4, 5;
T_4.124 ;
    %pushi/vec4 1, 0, 1;
    %load/vec4 v0x56317f1a0390_0;
    %parti/s 11, 3, 3;
    %ix/vec4 4;
    %store/vec4 v0x56317f19ff40_0, 4, 1;
    %pushi/vec4 1, 0, 1;
    %load/vec4 v0x56317f1a0390_0;
    %parti/s 11, 3, 3;
    %ix/vec4 4;
    %store/vec4 v0x56317f1a02b0_0, 4, 1;
T_4.108 ;
    %load/vec4 v0x56317f1a0390_0;
    %parti/s 1, 14, 5;
    %load/vec4 v0x56317f1a0390_0;
    %parti/s 11, 3, 3;
    %pad/u 13;
    %ix/vec4 4;
    %load/vec4a v0x56317f1a0210, 4;
    %cmp/ne;
    %jmp/0xz  T_4.126, 4;
    %load/vec4 v0x56317f1a0390_0;
    %parti/s 12, 3, 3;
    %ix/vec4 4;
    %load/vec4a v0x56317f1a0cd0, 4;
    %pad/u 2048;
    %load/vec4 v0x56317f1a0390_0;
    %parti/s 11, 3, 3;
    %ix/vec4 4;
    %store/vec4a v0x56317f19fe80, 4, 0;
    %load/vec4 v0x56317f1a0390_0;
    %parti/s 3, 0, 2;
    %cmpi/e 0, 0, 3;
    %jmp/0xz  T_4.128, 4;
    %load/vec4 v0x56317f1a0470_0;
    %load/vec4 v0x56317f1a0390_0;
    %parti/s 11, 3, 3;
    %ix/vec4 4;
    %flag_mov 8, 4;
    %ix/load 5, 0, 0;
    %flag_set/imm 4, 0;
    %flag_or 4, 8;
    %store/vec4a v0x56317f19fe80, 4, 5;
T_4.128 ;
    %load/vec4 v0x56317f1a0390_0;
    %parti/s 3, 0, 2;
    %cmpi/e 1, 0, 3;
    %jmp/0xz  T_4.130, 4;
    %load/vec4 v0x56317f1a0470_0;
    %load/vec4 v0x56317f1a0390_0;
    %parti/s 11, 3, 3;
    %ix/vec4 4;
    %flag_mov 8, 4;
    %ix/load 5, 16, 0;
    %flag_set/imm 4, 0;
    %flag_or 4, 8;
    %store/vec4a v0x56317f19fe80, 4, 5;
T_4.130 ;
    %load/vec4 v0x56317f1a0390_0;
    %parti/s 3, 0, 2;
    %cmpi/e 2, 0, 3;
    %jmp/0xz  T_4.132, 4;
    %load/vec4 v0x56317f1a0470_0;
    %load/vec4 v0x56317f1a0390_0;
    %parti/s 11, 3, 3;
    %ix/vec4 4;
    %flag_mov 8, 4;
    %ix/load 5, 32, 0;
    %flag_set/imm 4, 0;
    %flag_or 4, 8;
    %store/vec4a v0x56317f19fe80, 4, 5;
T_4.132 ;
    %load/vec4 v0x56317f1a0390_0;
    %parti/s 3, 0, 2;
    %cmpi/e 3, 0, 3;
    %jmp/0xz  T_4.134, 4;
    %load/vec4 v0x56317f1a0470_0;
    %load/vec4 v0x56317f1a0390_0;
    %parti/s 11, 3, 3;
    %ix/vec4 4;
    %flag_mov 8, 4;
    %ix/load 5, 48, 0;
    %flag_set/imm 4, 0;
    %flag_or 4, 8;
    %store/vec4a v0x56317f19fe80, 4, 5;
T_4.134 ;
    %load/vec4 v0x56317f1a0390_0;
    %parti/s 3, 0, 2;
    %cmpi/e 4, 0, 3;
    %jmp/0xz  T_4.136, 4;
    %load/vec4 v0x56317f1a0470_0;
    %load/vec4 v0x56317f1a0390_0;
    %parti/s 11, 3, 3;
    %ix/vec4 4;
    %flag_mov 8, 4;
    %ix/load 5, 64, 0;
    %flag_set/imm 4, 0;
    %flag_or 4, 8;
    %store/vec4a v0x56317f19fe80, 4, 5;
T_4.136 ;
    %load/vec4 v0x56317f1a0390_0;
    %parti/s 3, 0, 2;
    %cmpi/e 5, 0, 3;
    %jmp/0xz  T_4.138, 4;
    %load/vec4 v0x56317f1a0470_0;
    %load/vec4 v0x56317f1a0390_0;
    %parti/s 11, 3, 3;
    %ix/vec4 4;
    %flag_mov 8, 4;
    %ix/load 5, 80, 0;
    %flag_set/imm 4, 0;
    %flag_or 4, 8;
    %store/vec4a v0x56317f19fe80, 4, 5;
T_4.138 ;
    %load/vec4 v0x56317f1a0390_0;
    %parti/s 3, 0, 2;
    %cmpi/e 6, 0, 3;
    %jmp/0xz  T_4.140, 4;
    %load/vec4 v0x56317f1a0470_0;
    %load/vec4 v0x56317f1a0390_0;
    %parti/s 11, 3, 3;
    %ix/vec4 4;
    %flag_mov 8, 4;
    %ix/load 5, 96, 0;
    %flag_set/imm 4, 0;
    %flag_or 4, 8;
    %store/vec4a v0x56317f19fe80, 4, 5;
T_4.140 ;
    %load/vec4 v0x56317f1a0390_0;
    %parti/s 3, 0, 2;
    %cmpi/e 7, 0, 3;
    %jmp/0xz  T_4.142, 4;
    %load/vec4 v0x56317f1a0470_0;
    %load/vec4 v0x56317f1a0390_0;
    %parti/s 11, 3, 3;
    %ix/vec4 4;
    %flag_mov 8, 4;
    %ix/load 5, 112, 0;
    %flag_set/imm 4, 0;
    %flag_or 4, 8;
    %store/vec4a v0x56317f19fe80, 4, 5;
T_4.142 ;
    %pushi/vec4 1, 0, 1;
    %load/vec4 v0x56317f1a0390_0;
    %parti/s 11, 3, 3;
    %ix/vec4 4;
    %store/vec4 v0x56317f19ff40_0, 4, 1;
    %pushi/vec4 1, 0, 1;
    %load/vec4 v0x56317f1a0390_0;
    %parti/s 11, 3, 3;
    %ix/vec4 4;
    %store/vec4 v0x56317f1a02b0_0, 4, 1;
T_4.126 ;
    %load/vec4 v0x56317f1a0390_0;
    %parti/s 1, 14, 5;
    %load/vec4 v0x56317f1a0390_0;
    %parti/s 11, 3, 3;
    %pad/u 13;
    %ix/vec4 4;
    %load/vec4a v0x56317f1a0210, 4;
    %cmp/e;
    %flag_get/vec4 4;
    %load/vec4 v0x56317f19ff40_0;
    %load/vec4 v0x56317f1a0390_0;
    %parti/s 11, 3, 3;
    %part/u 1;
    %pushi/vec4 1, 0, 1;
    %cmp/e;
    %flag_get/vec4 4;
    %and;
    %flag_set/vec4 8;
    %jmp/0xz  T_4.144, 8;
    %load/vec4 v0x56317f1a0390_0;
    %parti/s 12, 3, 3;
    %ix/vec4 4;
    %load/vec4a v0x56317f19fe80, 4;
    %pad/u 4096;
    %load/vec4 v0x56317f1a0390_0;
    %parti/s 12, 3, 3;
    %ix/vec4 4;
    %store/vec4a v0x56317f1a0cd0, 4, 0;
    %load/vec4 v0x56317f1a0390_0;
    %parti/s 12, 3, 3;
    %ix/vec4 4;
    %load/vec4a v0x56317f1a0cd0, 4;
    %pad/u 2048;
    %load/vec4 v0x56317f1a0390_0;
    %parti/s 11, 3, 3;
    %ix/vec4 4;
    %store/vec4a v0x56317f19fe80, 4, 0;
    %pushi/vec4 0, 0, 1;
    %load/vec4 v0x56317f1a0390_0;
    %parti/s 11, 3, 3;
    %ix/vec4 4;
    %store/vec4 v0x56317f19ff40_0, 4, 1;
    %load/vec4 v0x56317f1a0390_0;
    %parti/s 3, 0, 2;
    %cmpi/e 0, 0, 3;
    %jmp/0xz  T_4.146, 4;
    %load/vec4 v0x56317f1a0470_0;
    %load/vec4 v0x56317f1a0390_0;
    %parti/s 11, 3, 3;
    %ix/vec4 4;
    %flag_mov 8, 4;
    %ix/load 5, 0, 0;
    %flag_set/imm 4, 0;
    %flag_or 4, 8;
    %store/vec4a v0x56317f19fe80, 4, 5;
T_4.146 ;
    %load/vec4 v0x56317f1a0390_0;
    %parti/s 3, 0, 2;
    %cmpi/e 1, 0, 3;
    %jmp/0xz  T_4.148, 4;
    %load/vec4 v0x56317f1a0470_0;
    %load/vec4 v0x56317f1a0390_0;
    %parti/s 11, 3, 3;
    %ix/vec4 4;
    %flag_mov 8, 4;
    %ix/load 5, 16, 0;
    %flag_set/imm 4, 0;
    %flag_or 4, 8;
    %store/vec4a v0x56317f19fe80, 4, 5;
T_4.148 ;
    %load/vec4 v0x56317f1a0390_0;
    %parti/s 3, 0, 2;
    %cmpi/e 2, 0, 3;
    %jmp/0xz  T_4.150, 4;
    %load/vec4 v0x56317f1a0470_0;
    %load/vec4 v0x56317f1a0390_0;
    %parti/s 11, 3, 3;
    %ix/vec4 4;
    %flag_mov 8, 4;
    %ix/load 5, 32, 0;
    %flag_set/imm 4, 0;
    %flag_or 4, 8;
    %store/vec4a v0x56317f19fe80, 4, 5;
T_4.150 ;
    %load/vec4 v0x56317f1a0390_0;
    %parti/s 3, 0, 2;
    %cmpi/e 3, 0, 3;
    %jmp/0xz  T_4.152, 4;
    %load/vec4 v0x56317f1a0470_0;
    %load/vec4 v0x56317f1a0390_0;
    %parti/s 11, 3, 3;
    %ix/vec4 4;
    %flag_mov 8, 4;
    %ix/load 5, 48, 0;
    %flag_set/imm 4, 0;
    %flag_or 4, 8;
    %store/vec4a v0x56317f19fe80, 4, 5;
T_4.152 ;
    %load/vec4 v0x56317f1a0390_0;
    %parti/s 3, 0, 2;
    %cmpi/e 4, 0, 3;
    %jmp/0xz  T_4.154, 4;
    %load/vec4 v0x56317f1a0470_0;
    %load/vec4 v0x56317f1a0390_0;
    %parti/s 11, 3, 3;
    %ix/vec4 4;
    %flag_mov 8, 4;
    %ix/load 5, 64, 0;
    %flag_set/imm 4, 0;
    %flag_or 4, 8;
    %store/vec4a v0x56317f19fe80, 4, 5;
T_4.154 ;
    %load/vec4 v0x56317f1a0390_0;
    %parti/s 3, 0, 2;
    %cmpi/e 5, 0, 3;
    %jmp/0xz  T_4.156, 4;
    %load/vec4 v0x56317f1a0470_0;
    %load/vec4 v0x56317f1a0390_0;
    %parti/s 11, 3, 3;
    %ix/vec4 4;
    %flag_mov 8, 4;
    %ix/load 5, 80, 0;
    %flag_set/imm 4, 0;
    %flag_or 4, 8;
    %store/vec4a v0x56317f19fe80, 4, 5;
T_4.156 ;
    %load/vec4 v0x56317f1a0390_0;
    %parti/s 3, 0, 2;
    %cmpi/e 6, 0, 3;
    %jmp/0xz  T_4.158, 4;
    %load/vec4 v0x56317f1a0470_0;
    %load/vec4 v0x56317f1a0390_0;
    %parti/s 11, 3, 3;
    %ix/vec4 4;
    %flag_mov 8, 4;
    %ix/load 5, 96, 0;
    %flag_set/imm 4, 0;
    %flag_or 4, 8;
    %store/vec4a v0x56317f19fe80, 4, 5;
T_4.158 ;
    %load/vec4 v0x56317f1a0390_0;
    %parti/s 3, 0, 2;
    %cmpi/e 7, 0, 3;
    %jmp/0xz  T_4.160, 4;
    %load/vec4 v0x56317f1a0470_0;
    %load/vec4 v0x56317f1a0390_0;
    %parti/s 11, 3, 3;
    %ix/vec4 4;
    %flag_mov 8, 4;
    %ix/load 5, 112, 0;
    %flag_set/imm 4, 0;
    %flag_or 4, 8;
    %store/vec4a v0x56317f19fe80, 4, 5;
T_4.160 ;
    %pushi/vec4 1, 0, 1;
    %load/vec4 v0x56317f1a0390_0;
    %parti/s 11, 3, 3;
    %ix/vec4 4;
    %store/vec4 v0x56317f19ff40_0, 4, 1;
    %pushi/vec4 1, 0, 1;
    %load/vec4 v0x56317f1a0390_0;
    %parti/s 11, 3, 3;
    %ix/vec4 4;
    %store/vec4 v0x56317f1a02b0_0, 4, 1;
T_4.144 ;
    %load/vec4 v0x56317f1a0000_0;
    %parti/s 1, 14, 5;
    %load/vec4 v0x56317f1a0000_0;
    %parti/s 11, 3, 3;
    %pad/u 13;
    %ix/vec4 4;
    %load/vec4a v0x56317f1a0210, 4;
    %cmp/e;
    %flag_get/vec4 4;
    %load/vec4 v0x56317f19ff40_0;
    %load/vec4 v0x56317f1a0390_0;
    %parti/s 11, 3, 3;
    %part/u 1;
    %pushi/vec4 0, 0, 1;
    %cmp/e;
    %flag_get/vec4 4;
    %and;
    %flag_set/vec4 8;
    %jmp/0xz  T_4.162, 8;
    %load/vec4 v0x56317f1a0000_0;
    %parti/s 3, 0, 2;
    %cmpi/e 0, 0, 3;
    %jmp/0xz  T_4.164, 4;
    %load/vec4 v0x56317f1a0000_0;
    %parti/s 11, 3, 3;
    %ix/vec4 4;
    %load/vec4a v0x56317f19fe80, 4;
    %parti/s 16, 0, 2;
    %store/vec4 v0x56317f1a00e0_0, 0, 16;
T_4.164 ;
    %load/vec4 v0x56317f1a0000_0;
    %parti/s 3, 0, 2;
    %cmpi/e 1, 0, 3;
    %jmp/0xz  T_4.166, 4;
    %load/vec4 v0x56317f1a0000_0;
    %parti/s 11, 3, 3;
    %ix/vec4 4;
    %load/vec4a v0x56317f19fe80, 4;
    %parti/s 16, 16, 6;
    %store/vec4 v0x56317f1a00e0_0, 0, 16;
T_4.166 ;
    %load/vec4 v0x56317f1a0000_0;
    %parti/s 3, 0, 2;
    %cmpi/e 2, 0, 3;
    %jmp/0xz  T_4.168, 4;
    %load/vec4 v0x56317f1a0000_0;
    %parti/s 11, 3, 3;
    %ix/vec4 4;
    %load/vec4a v0x56317f19fe80, 4;
    %parti/s 16, 32, 7;
    %store/vec4 v0x56317f1a00e0_0, 0, 16;
T_4.168 ;
    %load/vec4 v0x56317f1a0000_0;
    %parti/s 3, 0, 2;
    %cmpi/e 3, 0, 3;
    %jmp/0xz  T_4.170, 4;
    %load/vec4 v0x56317f1a0000_0;
    %parti/s 11, 3, 3;
    %ix/vec4 4;
    %load/vec4a v0x56317f19fe80, 4;
    %parti/s 16, 48, 7;
    %store/vec4 v0x56317f1a00e0_0, 0, 16;
T_4.170 ;
    %load/vec4 v0x56317f1a0000_0;
    %parti/s 3, 0, 2;
    %cmpi/e 4, 0, 3;
    %jmp/0xz  T_4.172, 4;
    %load/vec4 v0x56317f1a0000_0;
    %parti/s 11, 3, 3;
    %ix/vec4 4;
    %load/vec4a v0x56317f19fe80, 4;
    %parti/s 16, 64, 8;
    %store/vec4 v0x56317f1a00e0_0, 0, 16;
T_4.172 ;
    %load/vec4 v0x56317f1a0000_0;
    %parti/s 3, 0, 2;
    %cmpi/e 5, 0, 3;
    %jmp/0xz  T_4.174, 4;
    %load/vec4 v0x56317f1a0000_0;
    %parti/s 11, 3, 3;
    %ix/vec4 4;
    %load/vec4a v0x56317f19fe80, 4;
    %parti/s 16, 80, 8;
    %store/vec4 v0x56317f1a00e0_0, 0, 16;
T_4.174 ;
    %load/vec4 v0x56317f1a0000_0;
    %parti/s 3, 0, 2;
    %cmpi/e 6, 0, 3;
    %jmp/0xz  T_4.176, 4;
    %load/vec4 v0x56317f1a0000_0;
    %parti/s 11, 3, 3;
    %ix/vec4 4;
    %load/vec4a v0x56317f19fe80, 4;
    %parti/s 16, 96, 8;
    %store/vec4 v0x56317f1a00e0_0, 0, 16;
T_4.176 ;
    %load/vec4 v0x56317f1a0000_0;
    %parti/s 3, 0, 2;
    %cmpi/e 7, 0, 3;
    %jmp/0xz  T_4.178, 4;
    %load/vec4 v0x56317f1a0000_0;
    %parti/s 11, 3, 3;
    %ix/vec4 4;
    %load/vec4a v0x56317f19fe80, 4;
    %parti/s 16, 112, 8;
    %store/vec4 v0x56317f1a00e0_0, 0, 16;
T_4.178 ;
T_4.162 ;
    %load/vec4 v0x56317f1a0000_0;
    %parti/s 1, 14, 5;
    %load/vec4 v0x56317f1a0000_0;
    %parti/s 11, 3, 3;
    %pad/u 13;
    %ix/vec4 4;
    %load/vec4a v0x56317f1a0210, 4;
    %cmp/ne;
    %jmp/0xz  T_4.180, 4;
    %load/vec4 v0x56317f1a0390_0;
    %parti/s 12, 3, 3;
    %ix/vec4 4;
    %load/vec4a v0x56317f1a0cd0, 4;
    %pad/u 2048;
    %load/vec4 v0x56317f1a0390_0;
    %parti/s 11, 3, 3;
    %ix/vec4 4;
    %store/vec4a v0x56317f19fe80, 4, 0;
    %load/vec4 v0x56317f1a0000_0;
    %parti/s 3, 0, 2;
    %cmpi/e 0, 0, 3;
    %jmp/0xz  T_4.182, 4;
    %load/vec4 v0x56317f1a0000_0;
    %parti/s 11, 3, 3;
    %ix/vec4 4;
    %load/vec4a v0x56317f19fe80, 4;
    %parti/s 16, 0, 2;
    %store/vec4 v0x56317f1a00e0_0, 0, 16;
T_4.182 ;
    %load/vec4 v0x56317f1a0000_0;
    %parti/s 3, 0, 2;
    %cmpi/e 1, 0, 3;
    %jmp/0xz  T_4.184, 4;
    %load/vec4 v0x56317f1a0000_0;
    %parti/s 11, 3, 3;
    %ix/vec4 4;
    %load/vec4a v0x56317f19fe80, 4;
    %parti/s 16, 16, 6;
    %store/vec4 v0x56317f1a00e0_0, 0, 16;
T_4.184 ;
    %load/vec4 v0x56317f1a0000_0;
    %parti/s 3, 0, 2;
    %cmpi/e 2, 0, 3;
    %jmp/0xz  T_4.186, 4;
    %load/vec4 v0x56317f1a0000_0;
    %parti/s 11, 3, 3;
    %ix/vec4 4;
    %load/vec4a v0x56317f19fe80, 4;
    %parti/s 16, 32, 7;
    %store/vec4 v0x56317f1a00e0_0, 0, 16;
T_4.186 ;
    %load/vec4 v0x56317f1a0000_0;
    %parti/s 3, 0, 2;
    %cmpi/e 3, 0, 3;
    %jmp/0xz  T_4.188, 4;
    %load/vec4 v0x56317f1a0000_0;
    %parti/s 11, 3, 3;
    %ix/vec4 4;
    %load/vec4a v0x56317f19fe80, 4;
    %parti/s 16, 48, 7;
    %store/vec4 v0x56317f1a00e0_0, 0, 16;
T_4.188 ;
    %load/vec4 v0x56317f1a0000_0;
    %parti/s 3, 0, 2;
    %cmpi/e 4, 0, 3;
    %jmp/0xz  T_4.190, 4;
    %load/vec4 v0x56317f1a0000_0;
    %parti/s 11, 3, 3;
    %ix/vec4 4;
    %load/vec4a v0x56317f19fe80, 4;
    %parti/s 16, 64, 8;
    %store/vec4 v0x56317f1a00e0_0, 0, 16;
T_4.190 ;
    %load/vec4 v0x56317f1a0000_0;
    %parti/s 3, 0, 2;
    %cmpi/e 5, 0, 3;
    %jmp/0xz  T_4.192, 4;
    %load/vec4 v0x56317f1a0000_0;
    %parti/s 11, 3, 3;
    %ix/vec4 4;
    %load/vec4a v0x56317f19fe80, 4;
    %parti/s 16, 80, 8;
    %store/vec4 v0x56317f1a00e0_0, 0, 16;
T_4.192 ;
    %load/vec4 v0x56317f1a0000_0;
    %parti/s 3, 0, 2;
    %cmpi/e 6, 0, 3;
    %jmp/0xz  T_4.194, 4;
    %load/vec4 v0x56317f1a0000_0;
    %parti/s 11, 3, 3;
    %ix/vec4 4;
    %load/vec4a v0x56317f19fe80, 4;
    %parti/s 16, 96, 8;
    %store/vec4 v0x56317f1a00e0_0, 0, 16;
T_4.194 ;
    %load/vec4 v0x56317f1a0000_0;
    %parti/s 3, 0, 2;
    %cmpi/e 7, 0, 3;
    %jmp/0xz  T_4.196, 4;
    %load/vec4 v0x56317f1a0000_0;
    %parti/s 11, 3, 3;
    %ix/vec4 4;
    %load/vec4a v0x56317f19fe80, 4;
    %parti/s 16, 112, 8;
    %store/vec4 v0x56317f1a00e0_0, 0, 16;
T_4.196 ;
T_4.180 ;
    %load/vec4 v0x56317f1a0000_0;
    %parti/s 1, 14, 5;
    %load/vec4 v0x56317f1a0000_0;
    %parti/s 11, 3, 3;
    %pad/u 13;
    %ix/vec4 4;
    %load/vec4a v0x56317f1a0210, 4;
    %cmp/e;
    %flag_get/vec4 4;
    %load/vec4 v0x56317f19ff40_0;
    %load/vec4 v0x56317f1a0390_0;
    %parti/s 11, 3, 3;
    %part/u 1;
    %pushi/vec4 1, 0, 1;
    %cmp/e;
    %flag_get/vec4 4;
    %and;
    %flag_set/vec4 8;
    %jmp/0xz  T_4.198, 8;
    %load/vec4 v0x56317f1a0390_0;
    %parti/s 12, 3, 3;
    %ix/vec4 4;
    %load/vec4a v0x56317f19fe80, 4;
    %pad/u 4096;
    %load/vec4 v0x56317f1a0390_0;
    %parti/s 12, 3, 3;
    %ix/vec4 4;
    %store/vec4a v0x56317f1a0cd0, 4, 0;
    %load/vec4 v0x56317f1a0390_0;
    %parti/s 12, 3, 3;
    %ix/vec4 4;
    %load/vec4a v0x56317f1a0cd0, 4;
    %pad/u 2048;
    %load/vec4 v0x56317f1a0390_0;
    %parti/s 11, 3, 3;
    %ix/vec4 4;
    %store/vec4a v0x56317f19fe80, 4, 0;
    %pushi/vec4 0, 0, 1;
    %load/vec4 v0x56317f1a0390_0;
    %parti/s 11, 3, 3;
    %ix/vec4 4;
    %store/vec4 v0x56317f19ff40_0, 4, 1;
    %load/vec4 v0x56317f1a0000_0;
    %parti/s 3, 0, 2;
    %cmpi/e 0, 0, 3;
    %jmp/0xz  T_4.200, 4;
    %load/vec4 v0x56317f1a0000_0;
    %parti/s 11, 3, 3;
    %ix/vec4 4;
    %load/vec4a v0x56317f19fe80, 4;
    %parti/s 16, 0, 2;
    %store/vec4 v0x56317f1a00e0_0, 0, 16;
T_4.200 ;
    %load/vec4 v0x56317f1a0000_0;
    %parti/s 3, 0, 2;
    %cmpi/e 1, 0, 3;
    %jmp/0xz  T_4.202, 4;
    %load/vec4 v0x56317f1a0000_0;
    %parti/s 11, 3, 3;
    %ix/vec4 4;
    %load/vec4a v0x56317f19fe80, 4;
    %parti/s 16, 16, 6;
    %store/vec4 v0x56317f1a00e0_0, 0, 16;
T_4.202 ;
    %load/vec4 v0x56317f1a0000_0;
    %parti/s 3, 0, 2;
    %cmpi/e 2, 0, 3;
    %jmp/0xz  T_4.204, 4;
    %load/vec4 v0x56317f1a0000_0;
    %parti/s 11, 3, 3;
    %ix/vec4 4;
    %load/vec4a v0x56317f19fe80, 4;
    %parti/s 16, 32, 7;
    %store/vec4 v0x56317f1a00e0_0, 0, 16;
T_4.204 ;
    %load/vec4 v0x56317f1a0000_0;
    %parti/s 3, 0, 2;
    %cmpi/e 3, 0, 3;
    %jmp/0xz  T_4.206, 4;
    %load/vec4 v0x56317f1a0000_0;
    %parti/s 11, 3, 3;
    %ix/vec4 4;
    %load/vec4a v0x56317f19fe80, 4;
    %parti/s 16, 48, 7;
    %store/vec4 v0x56317f1a00e0_0, 0, 16;
T_4.206 ;
    %load/vec4 v0x56317f1a0000_0;
    %parti/s 3, 0, 2;
    %cmpi/e 4, 0, 3;
    %jmp/0xz  T_4.208, 4;
    %load/vec4 v0x56317f1a0000_0;
    %parti/s 11, 3, 3;
    %ix/vec4 4;
    %load/vec4a v0x56317f19fe80, 4;
    %parti/s 16, 64, 8;
    %store/vec4 v0x56317f1a00e0_0, 0, 16;
T_4.208 ;
    %load/vec4 v0x56317f1a0000_0;
    %parti/s 3, 0, 2;
    %cmpi/e 5, 0, 3;
    %jmp/0xz  T_4.210, 4;
    %load/vec4 v0x56317f1a0000_0;
    %parti/s 11, 3, 3;
    %ix/vec4 4;
    %load/vec4a v0x56317f19fe80, 4;
    %parti/s 16, 80, 8;
    %store/vec4 v0x56317f1a00e0_0, 0, 16;
T_4.210 ;
    %load/vec4 v0x56317f1a0000_0;
    %parti/s 3, 0, 2;
    %cmpi/e 6, 0, 3;
    %jmp/0xz  T_4.212, 4;
    %load/vec4 v0x56317f1a0000_0;
    %parti/s 11, 3, 3;
    %ix/vec4 4;
    %load/vec4a v0x56317f19fe80, 4;
    %parti/s 16, 96, 8;
    %store/vec4 v0x56317f1a00e0_0, 0, 16;
T_4.212 ;
    %load/vec4 v0x56317f1a0000_0;
    %parti/s 3, 0, 2;
    %cmpi/e 7, 0, 3;
    %jmp/0xz  T_4.214, 4;
    %load/vec4 v0x56317f1a0000_0;
    %parti/s 11, 3, 3;
    %ix/vec4 4;
    %load/vec4a v0x56317f19fe80, 4;
    %parti/s 16, 112, 8;
    %store/vec4 v0x56317f1a00e0_0, 0, 16;
T_4.214 ;
T_4.198 ;
    %jmp T_4;
    .thread T_4;
    .scope S_0x56317f1800d0;
T_5 ;
    %pushi/vec4 0, 0, 1;
    %store/vec4 v0x56317f1a0eb0_0, 0, 1;
    %end;
    .thread T_5;
    .scope S_0x56317f1800d0;
T_6 ;
    %delay 25, 0;
    %load/vec4 v0x56317f1a0eb0_0;
    %nor/r;
    %store/vec4 v0x56317f1a0eb0_0, 0, 1;
    %jmp T_6;
    .thread T_6;
    .scope S_0x56317f1800d0;
T_7 ;
    %delay 50, 0;
    %pushi/vec4 1, 0, 1;
    %store/vec4 v0x56317f1a12f0_0, 0, 1;
    %pushi/vec4 0, 0, 15;
    %store/vec4 v0x56317f1a1220_0, 0, 15;
    %pushi/vec4 11, 0, 16;
    %store/vec4 v0x56317f1a1490_0, 0, 16;
    %delay 50, 0;
    %pushi/vec4 1, 0, 1;
    %store/vec4 v0x56317f1a12f0_0, 0, 1;
    %pushi/vec4 1, 0, 15;
    %store/vec4 v0x56317f1a1220_0, 0, 15;
    %pushi/vec4 21, 0, 16;
    %store/vec4 v0x56317f1a1490_0, 0, 16;
    %delay 50, 0;
    %pushi/vec4 1, 0, 1;
    %store/vec4 v0x56317f1a12f0_0, 0, 1;
    %pushi/vec4 2, 0, 15;
    %store/vec4 v0x56317f1a1220_0, 0, 15;
    %pushi/vec4 31, 0, 16;
    %store/vec4 v0x56317f1a1490_0, 0, 16;
    %delay 50, 0;
    %pushi/vec4 1, 0, 1;
    %store/vec4 v0x56317f1a12f0_0, 0, 1;
    %pushi/vec4 3, 0, 15;
    %store/vec4 v0x56317f1a1220_0, 0, 15;
    %pushi/vec4 51, 0, 16;
    %store/vec4 v0x56317f1a1490_0, 0, 16;
    %delay 50, 0;
    %pushi/vec4 1, 0, 1;
    %store/vec4 v0x56317f1a12f0_0, 0, 1;
    %pushi/vec4 4, 0, 15;
    %store/vec4 v0x56317f1a1220_0, 0, 15;
    %pushi/vec4 61, 0, 16;
    %store/vec4 v0x56317f1a1490_0, 0, 16;
    %delay 50, 0;
    %pushi/vec4 1, 0, 1;
    %store/vec4 v0x56317f1a12f0_0, 0, 1;
    %pushi/vec4 5, 0, 15;
    %store/vec4 v0x56317f1a1220_0, 0, 15;
    %pushi/vec4 71, 0, 16;
    %store/vec4 v0x56317f1a1490_0, 0, 16;
    %delay 50, 0;
    %pushi/vec4 1, 0, 1;
    %store/vec4 v0x56317f1a12f0_0, 0, 1;
    %pushi/vec4 6, 0, 15;
    %store/vec4 v0x56317f1a1220_0, 0, 15;
    %pushi/vec4 81, 0, 16;
    %store/vec4 v0x56317f1a1490_0, 0, 16;
    %delay 50, 0;
    %pushi/vec4 1, 0, 1;
    %store/vec4 v0x56317f1a12f0_0, 0, 1;
    %pushi/vec4 7, 0, 15;
    %store/vec4 v0x56317f1a1220_0, 0, 15;
    %pushi/vec4 91, 0, 16;
    %store/vec4 v0x56317f1a1490_0, 0, 16;
    %delay 50, 0;
    %pushi/vec4 0, 0, 1;
    %store/vec4 v0x56317f1a12f0_0, 0, 1;
    %pushi/vec4 5, 0, 15;
    %store/vec4 v0x56317f1a1220_0, 0, 15;
    %delay 50, 0;
    %pushi/vec4 1, 0, 1;
    %store/vec4 v0x56317f1a12f0_0, 0, 1;
    %pushi/vec4 22, 0, 15;
    %store/vec4 v0x56317f1a1220_0, 0, 15;
    %pushi/vec4 77, 0, 16;
    %store/vec4 v0x56317f1a1490_0, 0, 16;
    %delay 50, 0;
    %pushi/vec4 1, 0, 1;
    %store/vec4 v0x56317f1a12f0_0, 0, 1;
    %pushi/vec4 8193, 0, 15;
    %store/vec4 v0x56317f1a1220_0, 0, 15;
    %pushi/vec4 27, 0, 16;
    %store/vec4 v0x56317f1a1490_0, 0, 16;
    %delay 50, 0;
    %pushi/vec4 0, 0, 1;
    %store/vec4 v0x56317f1a12f0_0, 0, 1;
    %pushi/vec4 22, 0, 15;
    %store/vec4 v0x56317f1a1220_0, 0, 15;
    %delay 50, 0;
    %pushi/vec4 0, 0, 1;
    %store/vec4 v0x56317f1a12f0_0, 0, 1;
    %pushi/vec4 2, 0, 15;
    %store/vec4 v0x56317f1a1220_0, 0, 15;
    %delay 750, 0;
    %vpi_call 2 54 "$finish" {0 0 0};
    %end;
    .thread T_7;
    .scope S_0x56317f1800d0;
T_8 ;
    %delay 50, 0;
    %pushi/vec4 8, 0, 15;
    %store/vec4 v0x56317f1a0f70_0, 0, 15;
    %pushi/vec4 8, 0, 15;
    %store/vec4 v0x56317f1a10b0_0, 0, 15;
    %pushi/vec4 100, 0, 16;
    %store/vec4 v0x56317f1a1180_0, 0, 16;
    %delay 50, 0;
    %pushi/vec4 8, 0, 15;
    %store/vec4 v0x56317f1a0f70_0, 0, 15;
    %pushi/vec4 9, 0, 15;
    %store/vec4 v0x56317f1a10b0_0, 0, 15;
    %pushi/vec4 1200, 0, 16;
    %store/vec4 v0x56317f1a1180_0, 0, 16;
    %delay 50, 0;
    %pushi/vec4 8, 0, 15;
    %store/vec4 v0x56317f1a0f70_0, 0, 15;
    %pushi/vec4 10, 0, 15;
    %store/vec4 v0x56317f1a10b0_0, 0, 15;
    %pushi/vec4 700, 0, 16;
    %store/vec4 v0x56317f1a1180_0, 0, 16;
    %delay 50, 0;
    %pushi/vec4 10, 0, 15;
    %store/vec4 v0x56317f1a0f70_0, 0, 15;
    %pushi/vec4 11, 0, 15;
    %store/vec4 v0x56317f1a10b0_0, 0, 15;
    %pushi/vec4 123, 0, 16;
    %store/vec4 v0x56317f1a1180_0, 0, 16;
    %delay 50, 0;
    %pushi/vec4 11, 0, 15;
    %store/vec4 v0x56317f1a0f70_0, 0, 15;
    %pushi/vec4 12, 0, 15;
    %store/vec4 v0x56317f1a10b0_0, 0, 15;
    %pushi/vec4 333, 0, 16;
    %store/vec4 v0x56317f1a1180_0, 0, 16;
    %delay 50, 0;
    %pushi/vec4 13, 0, 15;
    %store/vec4 v0x56317f1a0f70_0, 0, 15;
    %pushi/vec4 13, 0, 15;
    %store/vec4 v0x56317f1a10b0_0, 0, 15;
    %pushi/vec4 212, 0, 16;
    %store/vec4 v0x56317f1a1180_0, 0, 16;
    %delay 50, 0;
    %pushi/vec4 12, 0, 15;
    %store/vec4 v0x56317f1a0f70_0, 0, 15;
    %pushi/vec4 14, 0, 15;
    %store/vec4 v0x56317f1a10b0_0, 0, 15;
    %pushi/vec4 666, 0, 16;
    %store/vec4 v0x56317f1a1180_0, 0, 16;
    %delay 50, 0;
    %pushi/vec4 11, 0, 15;
    %store/vec4 v0x56317f1a0f70_0, 0, 15;
    %pushi/vec4 15, 0, 15;
    %store/vec4 v0x56317f1a10b0_0, 0, 15;
    %pushi/vec4 1000, 0, 16;
    %store/vec4 v0x56317f1a1180_0, 0, 16;
    %delay 50, 0;
    %pushi/vec4 8, 0, 15;
    %store/vec4 v0x56317f1a0f70_0, 0, 15;
    %pushi/vec4 8201, 0, 15;
    %store/vec4 v0x56317f1a10b0_0, 0, 15;
    %pushi/vec4 77, 0, 16;
    %store/vec4 v0x56317f1a1180_0, 0, 16;
    %delay 450, 0;
    %vpi_call 2 80 "$finish" {0 0 0};
    %end;
    .thread T_8;
    .scope S_0x56317f1800d0;
T_9 ;
    %wait E_0x56317f0fd150;
    %vpi_call 2 85 "$monitor", "i_en=%b,i_address= %d,i_wdata=%d,i_routput=%d,d_raddress=%d,d_waddress=%d,d_wdata=%d,d_routput=%d ", v0x56317f1a12f0_0, v0x56317f1a1220_0, v0x56317f1a1490_0, v0x56317f1a13c0_0, v0x56317f1a0f70_0, v0x56317f1a10b0_0, v0x56317f1a1180_0, v0x56317f1a1010_0 {0 0 0};
    %jmp T_9;
    .thread T_9, $push;
# The file index is used to find the file name in the following table.
:file_names 4;
    "N/A";
    "<interactive>";
    "lab7_tb.v";
    "./lab7.v";
